#
# A fatal error has been detected by the Java Runtime Environment:
#
#  SIGILL (0x4) at pc=0x00007fff9d874bde, pid=549, tid=0x0000000000000203
#
# JRE version: Java(TM) SE Runtime Environment (8.0_101-b13) (build 1.8.0_101-b13)
# Java VM: Java HotSpot(TM) 64-Bit Server VM (25.101-b13 mixed mode bsd-amd64 compressed oops)
# Problematic frame:
# C  [libsystem_platform.dylib+0x5bde]  _os_unfair_lock_corruption_abort+0x17
#
# Failed to write core dump. Core dumps have been disabled. To enable core dumping, try "ulimit -c unlimited" before starting Java again
#
# If you would like to submit a bug report, please visit:
#   http://bugreport.java.com/bugreport/crash.jsp
# The crash happened outside the Java Virtual Machine in native code.
# See problematic frame for where to report the bug.
#

---------------  T H R E A D  ---------------

Current thread (0x0000000127aa1800):  JavaThread "Spawner Reaper" daemon [_thread_in_native, id=85035, stack(0x000070000e10b000,0x000070000e20b000)]

siginfo: si_signo: 4 (SIGILL), si_code: 1 (ILL_ILLOPC), si_addr: 0x00007fff9d874bde

Registers:
RAX=0x0000000000000306, RBX=0x0000000000000306, RCX=0x00007fff9d876b6c, RDX=0x0000000000000000
RSP=0x000070000e20a318, RBP=0x000070000e20a350, RSI=0x00007fffa62d36c0, RDI=0x0000000000000306
R8 =0x00000000000000c4, R9 =0x00000000000000c5, R10=0x0000000000000000, R11=0x0000000000000246
R12=0x00007fffa62d36c0, R13=0x0000000000000203, R14=0x0000000001010002, R15=0x0000000000000203
RIP=0x00007fff9d874bde, EFLAGS=0x0000000000010246, ERR=0x0000000000000000
  TRAPNO=0x0000000000000006

Top of Stack: (sp=0x000070000e20a318)
0x000070000e20a318:   00007fff9d87444e 0000000000000307
0x000070000e20a328:   0000000000000240 000000013042efe0
0x000070000e20a338:   00007fffa62d3480 00007fffa62d36c0
0x000070000e20a348:   00000001002b70c0 000070000e20a3a0
0x000070000e20a358:   00007fff9cd7a3ae 0000000000000000
0x000070000e20a368:   0000000000000000 0000000000000000
0x000070000e20a378:   000000013042efe0 00007fffa63736f8
0x000070000e20a388:   0000000000000002 0000000000000001
0x000070000e20a398:   00000001002b70c0 000070000e20a3c0
0x000070000e20a3a8:   00007fff9cd7a0f9 000000013042efe0
0x000070000e20a3b8:   0000000000000007 000070000e20a3e0
0x000070000e20a3c8:   00007fff9cd7a059 0000000000000000
0x000070000e20a3d8:   00000001002b70c0 000070000e20a410
0x000070000e20a3e8:   00007fff9d8bca8a 00007fffa6393a50
0x000070000e20a3f8:   00000001002b70c0 0000000130431130
0x000070000e20a408:   0000000000000000 000070000e20a430
0x000070000e20a418:   00007fff9d8bc4f9 00000000ffffffff
0x000070000e20a428:   00000001002b70c0 000070000e20a480
0x000070000e20a438:   00007fff9d750c35 00007fff9d7551e3
0x000070000e20a448:   0000000000000000 0000000000000000
0x000070000e20a458:   000000012fa23cb0 0000000100200320
0x000070000e20a468:   0000000000000000 00007fffa63736f8
0x000070000e20a478:   000070000e20a4c4 000070000e20a4a0
0x000070000e20a488:   00007fff9d7551cc 00007fffa63736f8
0x000070000e20a498:   000000011daf5eca 000070000e20a4f0
0x000070000e20a4a8:   00007fff9d755112 3c752ed9d8d00054
0x000070000e20a4b8:   0000000000000000 0000000200000000
0x000070000e20a4c8:   000000011daf5eca 0000000000000000
0x000070000e20a4d8:   0000000132883810 3c752ed9d8d00054
0x000070000e20a4e8:   0000000127aa1800 000070000e20a510
0x000070000e20a4f8:   00007fff9d755068 000000011daf5eca
0x000070000e20a508:   0000000000000000 000070000e20a560 

Instructions: (pc=0x00007fff9d874bde)
0x00007fff9d874bbe:   89 f7 e8 55 18 00 00 eb ae 89 f8 48 8d 0d 9c 1f
0x00007fff9d874bce:   00 00 48 89 0d e1 e6 b0 08 48 89 05 0a e7 b0 08
0x00007fff9d874bde:   0f 0b 89 f8 48 8d 0d 12 20 00 00 48 89 0d c8 e6
0x00007fff9d874bee:   b0 08 48 89 05 f1 e6 b0 08 0f 0b 55 48 89 e5 41 

Register to memory mapping:

RAX=0x0000000000000306 is an unknown value
RBX=0x0000000000000306 is an unknown value
RCX=0x00007fff9d876b6c: _h+0x25c in /usr/lib/system/libsystem_platform.dylib at 0x00007fff9d86f000
RDX=0x0000000000000000 is an unknown value
RSP=0x000070000e20a318 is pointing into the stack for thread: 0x0000000127aa1800
RBP=0x000070000e20a350 is pointing into the stack for thread: 0x0000000127aa1800
RSI=0x00007fffa62d36c0: _ZN12_GLOBAL__N_1L12SideTableBufE+0x240 in /usr/lib/libobjc.A.dylib at 0x00007fff9cd71000
RDI=0x0000000000000306 is an unknown value
R8 =0x00000000000000c4 is an unknown value
R9 =0x00000000000000c5 is an unknown value
R10=0x0000000000000000 is an unknown value
R11=0x0000000000000246 is an unknown value
R12=0x00007fffa62d36c0: _ZN12_GLOBAL__N_1L12SideTableBufE+0x240 in /usr/lib/libobjc.A.dylib at 0x00007fff9cd71000
R13=0x0000000000000203 is an unknown value
R14=0x0000000001010002 is an unknown value
R15=0x0000000000000203 is an unknown value


Stack: [0x000070000e10b000,0x000070000e20b000],  sp=0x000070000e20a318,  free space=1020k
Native frames: (J=compiled Java code, j=interpreted, Vv=VM code, C=native code)
C  [libsystem_platform.dylib+0x5bde]  _os_unfair_lock_corruption_abort+0x17
C  [libobjc.A.dylib+0x93ae]  _ZN11objc_object27sidetable_clearDeallocatingEv+0x54
C  [libobjc.A.dylib+0x90f9]  objc_destructInstance+0x8f
C  [libobjc.A.dylib+0x9059]  object_dispose+0x16
C  [libxpc.dylib+0x4a8a]  _xpc_dictionary_dispose+0x6d
C  [libxpc.dylib+0x44f9]  _xpc_dispose+0xf
C  [libsystem_info.dylib+0x1c35]  _ds_item+0x9f
C  [libsystem_info.dylib+0x61cc]  ds_group_byname+0x4d
C  [libsystem_info.dylib+0x6112]  search_group_byname+0x66
C  [libsystem_info.dylib+0x6068]  getgrnam+0x33
C  [libspawner.jnilib+0x265e]  ptys_open+0x1e
C  [libspawner.jnilib+0x20ee]  exec_pty+0x22e
C  [libspawner.jnilib+0x1102]  Java_org_eclipse_cdt_utils_spawner_Spawner_exec2+0x182
j  org.eclipse.cdt.utils.spawner.Spawner.exec2([Ljava/lang/String;[Ljava/lang/String;Ljava/lang/String;[ILjava/lang/String;IZ)I+0
j  org.eclipse.cdt.utils.pty.PTY.exec_pty(Lorg/eclipse/cdt/utils/spawner/Spawner;[Ljava/lang/String;[Ljava/lang/String;Ljava/lang/String;[I)I+48
j  org.eclipse.cdt.utils.spawner.Spawner$2.execute([Ljava/lang/String;[Ljava/lang/String;Ljava/lang/String;[I)I+13
j  org.eclipse.cdt.utils.spawner.Spawner$Reaper.run()V+20
v  ~StubRoutines::call_stub
V  [libjvm.dylib+0x2ecf06]
V  [libjvm.dylib+0x2ed694]
V  [libjvm.dylib+0x2ed840]
V  [libjvm.dylib+0x348029]
V  [libjvm.dylib+0x5695ab]
V  [libjvm.dylib+0x56ac98]
V  [libjvm.dylib+0x48933a]
C  [libsystem_pthread.dylib+0x3aab]  _pthread_body+0xb4
C  [libsystem_pthread.dylib+0x39f7]  _pthread_body+0x0
C  [libsystem_pthread.dylib+0x3221]  thread_start+0xd
C  0x0000000000000000

Java frames: (J=compiled Java code, j=interpreted, Vv=VM code)
j  org.eclipse.cdt.utils.spawner.Spawner.exec2([Ljava/lang/String;[Ljava/lang/String;Ljava/lang/String;[ILjava/lang/String;IZ)I+0
j  org.eclipse.cdt.utils.pty.PTY.exec_pty(Lorg/eclipse/cdt/utils/spawner/Spawner;[Ljava/lang/String;[Ljava/lang/String;Ljava/lang/String;[I)I+48
j  org.eclipse.cdt.utils.spawner.Spawner$2.execute([Ljava/lang/String;[Ljava/lang/String;Ljava/lang/String;[I)I+13
j  org.eclipse.cdt.utils.spawner.Spawner$Reaper.run()V+20
v  ~StubRoutines::call_stub

---------------  P R O C E S S  ---------------

Java Threads: ( => current thread )
=>0x0000000127aa1800 JavaThread "Spawner Reaper" daemon [_thread_in_native, id=85035, stack(0x000070000e10b000,0x000070000e20b000)]
  0x0000000127399000 JavaThread "Worker-27" [_thread_blocked, id=78183, stack(0x000070000e008000,0x000070000e108000)]
  0x0000000127a3b000 JavaThread "Worker-25" [_thread_blocked, id=6435, stack(0x000070000df05000,0x000070000e005000)]
  0x00000001204c4000 JavaThread "Worker-24" [_thread_blocked, id=71971, stack(0x000070000dd7f000,0x000070000de7f000)]
  0x00000001203e2000 JavaThread "Worker-20" [_thread_blocked, id=77579, stack(0x000070000daf6000,0x000070000dbf6000)]
  0x0000000120821800 JavaThread "Worker-19" [_thread_blocked, id=77327, stack(0x000070000b601000,0x000070000b701000)]
  0x00000001204b5000 JavaThread "[ThreadPool Manager] - Idle Thread" daemon [_thread_blocked, id=72999, stack(0x000070000ee32000,0x000070000ef32000)]
  0x00000001273b8800 JavaThread "Provisioning Event Dispatcher" daemon [_thread_blocked, id=87811, stack(0x000070000ed2f000,0x000070000ee2f000)]
  0x0000000128015000 JavaThread "Thread-7" [_thread_blocked, id=81443, stack(0x000070000e494000,0x000070000e594000)]
  0x0000000101b07800 JavaThread "org.eclipse.cdt.internal.ui.text.CReconciler" daemon [_thread_blocked, id=58131, stack(0x000070000d9f3000,0x000070000daf3000)]
  0x00000001276c3800 JavaThread "EventAdmin Async Event Dispatcher Thread" daemon [_thread_blocked, id=69963, stack(0x000070000d8f0000,0x000070000d9f0000)]
  0x0000000127983800 JavaThread "Bundle File Closer" daemon [_thread_blocked, id=68115, stack(0x000070000d6ea000,0x000070000d7ea000)]
  0x000000010155e000 JavaThread "EMF Reference Cleaner" daemon [_thread_blocked, id=59907, stack(0x000070000d4e4000,0x000070000d5e4000)]
  0x00000001009a9000 JavaThread "Worker-JM" [_thread_blocked, id=59395, stack(0x000070000d3e1000,0x000070000d4e1000)]
  0x000000010099c800 JavaThread "[Timer] - Main Queue Handler" daemon [_thread_blocked, id=57615, stack(0x000070000d25b000,0x000070000d35b000)]
  0x0000000101222000 JavaThread "Start Level: Equinox Container: a0e90903-83b2-0016-1193-83212023a67a" daemon [_thread_blocked, id=51203, stack(0x000070000d055000,0x000070000d155000)]
  0x0000000100a97800 JavaThread "Framework Event Dispatcher: org.eclipse.osgi.internal.framework.EquinoxEventPublisher@282308c3" daemon [_thread_blocked, id=50691, stack(0x000070000cf52000,0x000070000d052000)]
  0x0000000100aed000 JavaThread "Active Thread: Equinox Container: a0e90903-83b2-0016-1193-83212023a67a" [_thread_blocked, id=50191, stack(0x000070000ce4f000,0x000070000cf4f000)]
  0x0000000101807000 JavaThread "Service Thread" daemon [_thread_blocked, id=33027, stack(0x000070000cc49000,0x000070000cd49000)]
  0x0000000101055000 JavaThread "C1 CompilerThread2" daemon [_thread_in_vm, id=32515, stack(0x000070000cb46000,0x000070000cc46000)]
  0x0000000101054800 JavaThread "C2 CompilerThread1" daemon [_thread_in_native, id=32003, stack(0x000070000ca43000,0x000070000cb43000)]
  0x0000000101053800 JavaThread "C2 CompilerThread0" daemon [_thread_in_native, id=31491, stack(0x000070000c940000,0x000070000ca40000)]
  0x000000010103a800 JavaThread "Signal Dispatcher" daemon [_thread_blocked, id=30979, stack(0x000070000c83d000,0x000070000c93d000)]
  0x0000000101038000 JavaThread "Surrogate Locker Thread (Concurrent GC)" daemon [_thread_blocked, id=30211, stack(0x000070000c73a000,0x000070000c83a000)]
  0x0000000101862800 JavaThread "Finalizer" daemon [_thread_blocked, id=29187, stack(0x000070000c637000,0x000070000c737000)]
  0x0000000102023800 JavaThread "Reference Handler" daemon [_thread_blocked, id=28675, stack(0x000070000c534000,0x000070000c634000)]
  0x000000010101f800 JavaThread "main" [_thread_in_native, id=775, stack(0x00007fff5f400000,0x00007fff5fc00000)]

Other Threads:
  0x000000010185d800 VMThread [stack: 0x000070000c431000,0x000070000c531000] [id=28163]
  0x000000010103a000 WatcherThread [stack: 0x000070000cd4c000,0x000070000ce4c000] [id=33539]

VM state:not at safepoint (normal execution)

VM Mutex/Monitor currently owned by a thread: None

Heap:
 garbage-first heap   total 262144K, used 190823K [0x0000000780000000, 0x0000000780100800, 0x00000007c0000000)
  region size 1024K, 86 young (88064K), 8 survivors (8192K)
 Metaspace       used 96719K, capacity 106156K, committed 106432K, reserved 1140736K
  class space    used 12128K, capacity 14972K, committed 15076K, reserved 1048576K

Heap Regions: (Y=young(eden), SU=young(survivor), HS=humongous(starts), HC=humongous(continues), CS=collection set, F=free, TS=gc time stamp, PTAMS=previous top-at-mark-start, NTAMS=next top-at-mark-start)
AC   0  O    TS     0 PTAMS 0x0000000780100000 NTAMS 0x0000000780100000 space 1024K, 100% used [0x0000000780000000, 0x0000000780100000)
AC   0  O    TS     0 PTAMS 0x0000000780200000 NTAMS 0x0000000780200000 space 1024K, 100% used [0x0000000780100000, 0x0000000780200000)
AC   0  O    TS     0 PTAMS 0x0000000780300000 NTAMS 0x0000000780300000 space 1024K, 100% used [0x0000000780200000, 0x0000000780300000)
AC   0  O    TS     0 PTAMS 0x0000000780400000 NTAMS 0x0000000780400000 space 1024K, 100% used [0x0000000780300000, 0x0000000780400000)
AC   0  O    TS     0 PTAMS 0x0000000780500000 NTAMS 0x0000000780500000 space 1024K, 100% used [0x0000000780400000, 0x0000000780500000)
AC   0  O    TS     0 PTAMS 0x0000000780600000 NTAMS 0x0000000780600000 space 1024K, 100% used [0x0000000780500000, 0x0000000780600000)
AC   0  O    TS     0 PTAMS 0x0000000780700000 NTAMS 0x0000000780700000 space 1024K, 100% used [0x0000000780600000, 0x0000000780700000)
AC   0  O    TS     0 PTAMS 0x0000000780800000 NTAMS 0x0000000780800000 space 1024K, 100% used [0x0000000780700000, 0x0000000780800000)
AC   0  O    TS     0 PTAMS 0x0000000780900000 NTAMS 0x0000000780900000 space 1024K, 100% used [0x0000000780800000, 0x0000000780900000)
AC   0  O    TS     0 PTAMS 0x0000000780a00000 NTAMS 0x0000000780a00000 space 1024K, 100% used [0x0000000780900000, 0x0000000780a00000)
AC   0  O    TS     0 PTAMS 0x0000000780b00000 NTAMS 0x0000000780b00000 space 1024K, 100% used [0x0000000780a00000, 0x0000000780b00000)
AC   0  O    TS     0 PTAMS 0x0000000780c00000 NTAMS 0x0000000780c00000 space 1024K, 100% used [0x0000000780b00000, 0x0000000780c00000)
AC   0  O    TS     0 PTAMS 0x0000000780d00000 NTAMS 0x0000000780d00000 space 1024K, 100% used [0x0000000780c00000, 0x0000000780d00000)
AC   0  O    TS     0 PTAMS 0x0000000780e00000 NTAMS 0x0000000780e00000 space 1024K, 100% used [0x0000000780d00000, 0x0000000780e00000)
AC   0  O    TS     0 PTAMS 0x0000000780f00000 NTAMS 0x0000000780f00000 space 1024K, 100% used [0x0000000780e00000, 0x0000000780f00000)
AC   0  O    TS     0 PTAMS 0x0000000781000000 NTAMS 0x0000000781000000 space 1024K, 100% used [0x0000000780f00000, 0x0000000781000000)
AC   0  O    TS     0 PTAMS 0x0000000781100000 NTAMS 0x0000000781100000 space 1024K, 100% used [0x0000000781000000, 0x0000000781100000)
AC   0  O    TS     0 PTAMS 0x0000000781200000 NTAMS 0x0000000781200000 space 1024K, 100% used [0x0000000781100000, 0x0000000781200000)
AC   0  O    TS     0 PTAMS 0x0000000781300000 NTAMS 0x0000000781300000 space 1024K, 100% used [0x0000000781200000, 0x0000000781300000)
AC   0  O    TS     0 PTAMS 0x0000000781400000 NTAMS 0x0000000781400000 space 1024K, 100% used [0x0000000781300000, 0x0000000781400000)
AC   0  O    TS     0 PTAMS 0x0000000781500000 NTAMS 0x0000000781500000 space 1024K, 100% used [0x0000000781400000, 0x0000000781500000)
AC   0  O    TS     0 PTAMS 0x0000000781600000 NTAMS 0x0000000781600000 space 1024K, 100% used [0x0000000781500000, 0x0000000781600000)
AC   0  O    TS     0 PTAMS 0x0000000781700000 NTAMS 0x0000000781700000 space 1024K, 100% used [0x0000000781600000, 0x0000000781700000)
AC   0  O    TS     0 PTAMS 0x0000000781800000 NTAMS 0x0000000781800000 space 1024K, 100% used [0x0000000781700000, 0x0000000781800000)
AC   0  O    TS     0 PTAMS 0x0000000781900000 NTAMS 0x0000000781900000 space 1024K, 100% used [0x0000000781800000, 0x0000000781900000)
AC   0  O    TS     0 PTAMS 0x0000000781a00000 NTAMS 0x0000000781a00000 space 1024K, 100% used [0x0000000781900000, 0x0000000781a00000)
AC   0  O    TS     0 PTAMS 0x0000000781b00000 NTAMS 0x0000000781b00000 space 1024K, 100% used [0x0000000781a00000, 0x0000000781b00000)
AC   0  O    TS     0 PTAMS 0x0000000781c00000 NTAMS 0x0000000781c00000 space 1024K, 100% used [0x0000000781b00000, 0x0000000781c00000)
AC   0  O    TS     0 PTAMS 0x0000000781d00000 NTAMS 0x0000000781d00000 space 1024K, 100% used [0x0000000781c00000, 0x0000000781d00000)
AC   0  O    TS     0 PTAMS 0x0000000781e00000 NTAMS 0x0000000781e00000 space 1024K, 100% used [0x0000000781d00000, 0x0000000781e00000)
AC   0  O    TS     0 PTAMS 0x0000000781f00000 NTAMS 0x0000000781f00000 space 1024K, 100% used [0x0000000781e00000, 0x0000000781f00000)
AC   0  O    TS     0 PTAMS 0x0000000782000000 NTAMS 0x0000000782000000 space 1024K, 100% used [0x0000000781f00000, 0x0000000782000000)
AC   0  O    TS     0 PTAMS 0x0000000782100000 NTAMS 0x0000000782100000 space 1024K, 100% used [0x0000000782000000, 0x0000000782100000)
AC   0  O    TS     0 PTAMS 0x0000000782200000 NTAMS 0x0000000782200000 space 1024K, 100% used [0x0000000782100000, 0x0000000782200000)
AC   0  O    TS     0 PTAMS 0x0000000782300000 NTAMS 0x0000000782300000 space 1024K, 100% used [0x0000000782200000, 0x0000000782300000)
AC   0  O    TS     0 PTAMS 0x0000000782400000 NTAMS 0x0000000782400000 space 1024K, 100% used [0x0000000782300000, 0x0000000782400000)
AC   0  O    TS     0 PTAMS 0x0000000782500000 NTAMS 0x0000000782500000 space 1024K, 100% used [0x0000000782400000, 0x0000000782500000)
AC   0  O    TS     0 PTAMS 0x0000000782600000 NTAMS 0x0000000782600000 space 1024K, 100% used [0x0000000782500000, 0x0000000782600000)
AC   0  O    TS     0 PTAMS 0x0000000782700000 NTAMS 0x0000000782700000 space 1024K, 100% used [0x0000000782600000, 0x0000000782700000)
AC   0  O    TS     0 PTAMS 0x0000000782800000 NTAMS 0x0000000782800000 space 1024K, 100% used [0x0000000782700000, 0x0000000782800000)
AC   0  O    TS     0 PTAMS 0x0000000782900000 NTAMS 0x0000000782900000 space 1024K, 100% used [0x0000000782800000, 0x0000000782900000)
AC   0  O    TS     0 PTAMS 0x0000000782a00000 NTAMS 0x0000000782a00000 space 1024K, 100% used [0x0000000782900000, 0x0000000782a00000)
AC   0  O    TS     0 PTAMS 0x0000000782b00000 NTAMS 0x0000000782b00000 space 1024K, 100% used [0x0000000782a00000, 0x0000000782b00000)
AC   0  O    TS     0 PTAMS 0x0000000782c00000 NTAMS 0x0000000782c00000 space 1024K, 100% used [0x0000000782b00000, 0x0000000782c00000)
AC   0  O    TS     0 PTAMS 0x0000000782d00000 NTAMS 0x0000000782d00000 space 1024K, 100% used [0x0000000782c00000, 0x0000000782d00000)
AC   0  O    TS     0 PTAMS 0x0000000782e00000 NTAMS 0x0000000782e00000 space 1024K, 100% used [0x0000000782d00000, 0x0000000782e00000)
AC   0  O    TS     0 PTAMS 0x0000000782f00000 NTAMS 0x0000000782f00000 space 1024K, 100% used [0x0000000782e00000, 0x0000000782f00000)
AC   0  O    TS     0 PTAMS 0x0000000783000000 NTAMS 0x0000000783000000 space 1024K, 100% used [0x0000000782f00000, 0x0000000783000000)
AC   0  O    TS     0 PTAMS 0x0000000783100000 NTAMS 0x0000000783100000 space 1024K, 100% used [0x0000000783000000, 0x0000000783100000)
AC   0  O    TS     0 PTAMS 0x0000000783200000 NTAMS 0x0000000783200000 space 1024K, 100% used [0x0000000783100000, 0x0000000783200000)
AC   0  O    TS     0 PTAMS 0x0000000783300000 NTAMS 0x0000000783300000 space 1024K, 100% used [0x0000000783200000, 0x0000000783300000)
AC   0  O    TS     0 PTAMS 0x0000000783400000 NTAMS 0x0000000783400000 space 1024K, 100% used [0x0000000783300000, 0x0000000783400000)
AC   0  O    TS     0 PTAMS 0x0000000783500000 NTAMS 0x0000000783500000 space 1024K, 100% used [0x0000000783400000, 0x0000000783500000)
AC   0  O    TS     0 PTAMS 0x0000000783600000 NTAMS 0x0000000783600000 space 1024K, 100% used [0x0000000783500000, 0x0000000783600000)
AC   0  O    TS     0 PTAMS 0x0000000783700000 NTAMS 0x0000000783700000 space 1024K, 100% used [0x0000000783600000, 0x0000000783700000)
AC   0  O    TS     0 PTAMS 0x0000000783800000 NTAMS 0x0000000783800000 space 1024K, 100% used [0x0000000783700000, 0x0000000783800000)
AC   0  O    TS     1 PTAMS 0x0000000783880008 NTAMS 0x0000000783880008 space 1024K, 100% used [0x0000000783800000, 0x0000000783900000)
AC   0  O    TS     3 PTAMS 0x0000000783900000 NTAMS 0x0000000783900000 space 1024K, 100% used [0x0000000783900000, 0x0000000783a00000)
AC   0  O    TS     3 PTAMS 0x0000000783a00000 NTAMS 0x0000000783a00000 space 1024K, 100% used [0x0000000783a00000, 0x0000000783b00000)
AC   0  O    TS     3 PTAMS 0x0000000783b00000 NTAMS 0x0000000783b00000 space 1024K, 100% used [0x0000000783b00000, 0x0000000783c00000)
AC   0 HS    TS     0 PTAMS 0x0000000783c00000 NTAMS 0x0000000783c00000 space 1024K,  51% used [0x0000000783c00000, 0x0000000783d00000)
AC   0  O    TS     1 PTAMS 0x0000000783d00000 NTAMS 0x0000000783d00000 space 1024K, 100% used [0x0000000783d00000, 0x0000000783e00000)
AC   0  O    TS     1 PTAMS 0x0000000783e00000 NTAMS 0x0000000783e00000 space 1024K, 100% used [0x0000000783e00000, 0x0000000783f00000)
AC   0  O    TS     1 PTAMS 0x0000000783f00000 NTAMS 0x0000000783f00000 space 1024K, 100% used [0x0000000783f00000, 0x0000000784000000)
AC   0  O    TS     1 PTAMS 0x0000000784000000 NTAMS 0x0000000784000000 space 1024K, 100% used [0x0000000784000000, 0x0000000784100000)
AC   0  O    TS     1 PTAMS 0x0000000784100000 NTAMS 0x0000000784100000 space 1024K, 100% used [0x0000000784100000, 0x0000000784200000)
AC   0  O    TS     1 PTAMS 0x0000000784200000 NTAMS 0x0000000784200000 space 1024K, 100% used [0x0000000784200000, 0x0000000784300000)
AC   0  O    TS     1 PTAMS 0x0000000784300000 NTAMS 0x0000000784300000 space 1024K, 100% used [0x0000000784300000, 0x0000000784400000)
AC   0  O    TS     1 PTAMS 0x0000000784400000 NTAMS 0x0000000784400000 space 1024K, 100% used [0x0000000784400000, 0x0000000784500000)
AC   0  O    TS     1 PTAMS 0x0000000784500000 NTAMS 0x0000000784500000 space 1024K, 100% used [0x0000000784500000, 0x0000000784600000)
AC   0  O    TS     1 PTAMS 0x0000000784600000 NTAMS 0x0000000784600000 space 1024K, 100% used [0x0000000784600000, 0x0000000784700000)
AC   0  O    TS     1 PTAMS 0x0000000784700000 NTAMS 0x0000000784700000 space 1024K, 100% used [0x0000000784700000, 0x0000000784800000)
AC   0  O    TS     1 PTAMS 0x0000000784800000 NTAMS 0x0000000784800000 space 1024K, 100% used [0x0000000784800000, 0x0000000784900000)
AC   0  O    TS     1 PTAMS 0x0000000784900000 NTAMS 0x0000000784900000 space 1024K, 100% used [0x0000000784900000, 0x0000000784a00000)
AC   0  O    TS     1 PTAMS 0x0000000784a00000 NTAMS 0x0000000784a00000 space 1024K, 100% used [0x0000000784a00000, 0x0000000784b00000)
AC   0  O    TS     1 PTAMS 0x0000000784b00000 NTAMS 0x0000000784b00000 space 1024K, 100% used [0x0000000784b00000, 0x0000000784c00000)
AC   0  O    TS     3 PTAMS 0x0000000784c00000 NTAMS 0x0000000784c00000 space 1024K, 100% used [0x0000000784c00000, 0x0000000784d00000)
AC   0  O    TS     3 PTAMS 0x0000000784d00000 NTAMS 0x0000000784d00000 space 1024K, 100% used [0x0000000784d00000, 0x0000000784e00000)
AC   0  O    TS     3 PTAMS 0x0000000784e00000 NTAMS 0x0000000784e00000 space 1024K, 100% used [0x0000000784e00000, 0x0000000784f00000)
AC   0  O    TS     3 PTAMS 0x0000000784f00000 NTAMS 0x0000000784f00000 space 1024K, 100% used [0x0000000784f00000, 0x0000000785000000)
AC   0  O    TS     3 PTAMS 0x0000000785000000 NTAMS 0x0000000785000000 space 1024K, 100% used [0x0000000785000000, 0x0000000785100000)
AC   0  O    TS     3 PTAMS 0x0000000785100000 NTAMS 0x0000000785100000 space 1024K, 100% used [0x0000000785100000, 0x0000000785200000)
AC   0  O    TS     3 PTAMS 0x0000000785200000 NTAMS 0x0000000785200000 space 1024K, 100% used [0x0000000785200000, 0x0000000785300000)
AC   0  O    TS     9 PTAMS 0x0000000785300000 NTAMS 0x0000000785300000 space 1024K, 100% used [0x0000000785300000, 0x0000000785400000)
AC   0  O    TS     9 PTAMS 0x0000000785400000 NTAMS 0x0000000785400000 space 1024K, 100% used [0x0000000785400000, 0x0000000785500000)
AC   0  O    TS     9 PTAMS 0x0000000785500000 NTAMS 0x0000000785500000 space 1024K, 100% used [0x0000000785500000, 0x0000000785600000)
AC   0  O    TS     3 PTAMS 0x0000000785600000 NTAMS 0x0000000785600000 space 1024K, 100% used [0x0000000785600000, 0x0000000785700000)
AC   0  O    TS     3 PTAMS 0x0000000785700000 NTAMS 0x0000000785700000 space 1024K, 100% used [0x0000000785700000, 0x0000000785800000)
AC   0  O    TS     3 PTAMS 0x0000000785800000 NTAMS 0x0000000785800000 space 1024K, 100% used [0x0000000785800000, 0x0000000785900000)
AC   0  O    TS     3 PTAMS 0x0000000785900000 NTAMS 0x0000000785900000 space 1024K, 100% used [0x0000000785900000, 0x0000000785a00000)
AC   0  O    TS     3 PTAMS 0x0000000785a00000 NTAMS 0x0000000785a00000 space 1024K, 100% used [0x0000000785a00000, 0x0000000785b00000)
AC   0  O    TS     3 PTAMS 0x0000000785b00000 NTAMS 0x0000000785b00000 space 1024K, 100% used [0x0000000785b00000, 0x0000000785c00000)
AC   0  O    TS     9 PTAMS 0x0000000785c00000 NTAMS 0x0000000785c00000 space 1024K, 100% used [0x0000000785c00000, 0x0000000785d00000)
AC   0  O    TS     9 PTAMS 0x0000000785d00000 NTAMS 0x0000000785d00000 space 1024K, 100% used [0x0000000785d00000, 0x0000000785e00000)
AC   0  O    TS     9 PTAMS 0x0000000785e00000 NTAMS 0x0000000785e00000 space 1024K, 100% used [0x0000000785e00000, 0x0000000785f00000)
AC   0  O    TS     9 PTAMS 0x0000000785f00000 NTAMS 0x0000000785f00000 space 1024K, 100% used [0x0000000785f00000, 0x0000000786000000)
AC   0  O    TS     9 PTAMS 0x0000000786000000 NTAMS 0x0000000786000000 space 1024K, 100% used [0x0000000786000000, 0x0000000786100000)
AC   0  O    TS     9 PTAMS 0x0000000786100000 NTAMS 0x0000000786100000 space 1024K, 100% used [0x0000000786100000, 0x0000000786200000)
AC   0  O    TS    13 PTAMS 0x0000000786200000 NTAMS 0x0000000786200000 space 1024K, 100% used [0x0000000786200000, 0x0000000786300000)
AC   0  O    TS    13 PTAMS 0x0000000786300000 NTAMS 0x0000000786300000 space 1024K, 100% used [0x0000000786300000, 0x0000000786400000)
AC   0  O    TS    13 PTAMS 0x0000000786400000 NTAMS 0x0000000786400000 space 1024K, 100% used [0x0000000786400000, 0x0000000786500000)
AC   0  O    TS    13 PTAMS 0x0000000786500000 NTAMS 0x0000000786500000 space 1024K, 100% used [0x0000000786500000, 0x0000000786600000)
AC   0  O    TS    21 PTAMS 0x0000000786600000 NTAMS 0x0000000786600000 space 1024K,  33% used [0x0000000786600000, 0x0000000786700000)
AC   0  F    TS     0 PTAMS 0x0000000786700000 NTAMS 0x0000000786700000 space 1024K,   0% used [0x0000000786700000, 0x0000000786800000)
AC   0  F    TS     0 PTAMS 0x0000000786800000 NTAMS 0x0000000786800000 space 1024K,   0% used [0x0000000786800000, 0x0000000786900000)
AC   0  F    TS     1 PTAMS 0x0000000786900000 NTAMS 0x0000000786900000 space 1024K,   0% used [0x0000000786900000, 0x0000000786a00000)
AC   0  F    TS     1 PTAMS 0x0000000786a00000 NTAMS 0x0000000786a00000 space 1024K,   0% used [0x0000000786a00000, 0x0000000786b00000)
AC   0  F    TS     1 PTAMS 0x0000000786b00000 NTAMS 0x0000000786b00000 space 1024K,   0% used [0x0000000786b00000, 0x0000000786c00000)
AC   0  F    TS     1 PTAMS 0x0000000786c00000 NTAMS 0x0000000786c00000 space 1024K,   0% used [0x0000000786c00000, 0x0000000786d00000)
AC   0  F    TS     1 PTAMS 0x0000000786d00000 NTAMS 0x0000000786d00000 space 1024K,   0% used [0x0000000786d00000, 0x0000000786e00000)
AC   0  F    TS     1 PTAMS 0x0000000786e00000 NTAMS 0x0000000786e00000 space 1024K,   0% used [0x0000000786e00000, 0x0000000786f00000)
AC   0  F    TS     1 PTAMS 0x0000000786f00000 NTAMS 0x0000000786f00000 space 1024K,   0% used [0x0000000786f00000, 0x0000000787000000)
AC   0  F    TS     7 PTAMS 0x0000000787000000 NTAMS 0x0000000787000000 space 1024K,   0% used [0x0000000787000000, 0x0000000787100000)
AC   0  F    TS     7 PTAMS 0x0000000787100000 NTAMS 0x0000000787100000 space 1024K,   0% used [0x0000000787100000, 0x0000000787200000)
AC   0  F    TS     7 PTAMS 0x0000000787200000 NTAMS 0x0000000787200000 space 1024K,   0% used [0x0000000787200000, 0x0000000787300000)
AC   0  F    TS     7 PTAMS 0x0000000787300000 NTAMS 0x0000000787300000 space 1024K,   0% used [0x0000000787300000, 0x0000000787400000)
AC   0  F    TS     5 PTAMS 0x0000000787400000 NTAMS 0x0000000787400000 space 1024K,   0% used [0x0000000787400000, 0x0000000787500000)
AC   0  F    TS     5 PTAMS 0x0000000787500000 NTAMS 0x0000000787500000 space 1024K,   0% used [0x0000000787500000, 0x0000000787600000)
AC   0  F    TS     5 PTAMS 0x0000000787600000 NTAMS 0x0000000787600000 space 1024K,   0% used [0x0000000787600000, 0x0000000787700000)
AC   0  F    TS     5 PTAMS 0x0000000787700000 NTAMS 0x0000000787700000 space 1024K,   0% used [0x0000000787700000, 0x0000000787800000)
AC   0  F    TS     5 PTAMS 0x0000000787800000 NTAMS 0x0000000787800000 space 1024K,   0% used [0x0000000787800000, 0x0000000787900000)
AC   0  F    TS     5 PTAMS 0x0000000787900000 NTAMS 0x0000000787900000 space 1024K,   0% used [0x0000000787900000, 0x0000000787a00000)
AC   0  F    TS     5 PTAMS 0x0000000787a00000 NTAMS 0x0000000787a00000 space 1024K,   0% used [0x0000000787a00000, 0x0000000787b00000)
AC   0  F    TS     5 PTAMS 0x0000000787b00000 NTAMS 0x0000000787b00000 space 1024K,   0% used [0x0000000787b00000, 0x0000000787c00000)
AC   0  F    TS    11 PTAMS 0x0000000787c00000 NTAMS 0x0000000787c00000 space 1024K,   0% used [0x0000000787c00000, 0x0000000787d00000)
AC   0  F    TS    11 PTAMS 0x0000000787d00000 NTAMS 0x0000000787d00000 space 1024K,   0% used [0x0000000787d00000, 0x0000000787e00000)
AC   0  F    TS    11 PTAMS 0x0000000787e00000 NTAMS 0x0000000787e00000 space 1024K,   0% used [0x0000000787e00000, 0x0000000787f00000)
AC   0  F    TS     9 PTAMS 0x0000000787f00000 NTAMS 0x0000000787f00000 space 1024K,   0% used [0x0000000787f00000, 0x0000000788000000)
AC   0  S CS TS    21 PTAMS 0x0000000788000000 NTAMS 0x0000000788000000 space 1024K,  49% used [0x0000000788000000, 0x0000000788100000)
AC   0  S CS TS    21 PTAMS 0x0000000788100000 NTAMS 0x0000000788100000 space 1024K, 100% used [0x0000000788100000, 0x0000000788200000)
AC   0  S CS TS    21 PTAMS 0x0000000788200000 NTAMS 0x0000000788200000 space 1024K, 100% used [0x0000000788200000, 0x0000000788300000)
AC   0  S CS TS    21 PTAMS 0x0000000788300000 NTAMS 0x0000000788300000 space 1024K, 100% used [0x0000000788300000, 0x0000000788400000)
AC   0  S CS TS    21 PTAMS 0x0000000788400000 NTAMS 0x0000000788400000 space 1024K, 100% used [0x0000000788400000, 0x0000000788500000)
AC   0  F    TS    19 PTAMS 0x0000000788500000 NTAMS 0x0000000788500000 space 1024K,   0% used [0x0000000788500000, 0x0000000788600000)
AC   0  F    TS    19 PTAMS 0x0000000788600000 NTAMS 0x0000000788600000 space 1024K,   0% used [0x0000000788600000, 0x0000000788700000)
AC   0  F    TS    19 PTAMS 0x0000000788700000 NTAMS 0x0000000788700000 space 1024K,   0% used [0x0000000788700000, 0x0000000788800000)
AC   0  F    TS    19 PTAMS 0x0000000788800000 NTAMS 0x0000000788800000 space 1024K,   0% used [0x0000000788800000, 0x0000000788900000)
AC   0  F    TS    19 PTAMS 0x0000000788900000 NTAMS 0x0000000788900000 space 1024K,   0% used [0x0000000788900000, 0x0000000788a00000)
AC   0  S CS TS    21 PTAMS 0x0000000788a00000 NTAMS 0x0000000788a00000 space 1024K, 100% used [0x0000000788a00000, 0x0000000788b00000)
AC   0  S CS TS    21 PTAMS 0x0000000788b00000 NTAMS 0x0000000788b00000 space 1024K, 100% used [0x0000000788b00000, 0x0000000788c00000)
AC   0  S CS TS    21 PTAMS 0x0000000788c00000 NTAMS 0x0000000788c00000 space 1024K, 100% used [0x0000000788c00000, 0x0000000788d00000)
AC   0  F    TS    17 PTAMS 0x0000000788d00000 NTAMS 0x0000000788d00000 space 1024K,   0% used [0x0000000788d00000, 0x0000000788e00000)
AC   0  F    TS    17 PTAMS 0x0000000788e00000 NTAMS 0x0000000788e00000 space 1024K,   0% used [0x0000000788e00000, 0x0000000788f00000)
AC   0  F    TS    17 PTAMS 0x0000000788f00000 NTAMS 0x0000000788f00000 space 1024K,   0% used [0x0000000788f00000, 0x0000000789000000)
AC   0  F    TS    17 PTAMS 0x0000000789000000 NTAMS 0x0000000789000000 space 1024K,   0% used [0x0000000789000000, 0x0000000789100000)
AC   0  F    TS    19 PTAMS 0x0000000789100000 NTAMS 0x0000000789100000 space 1024K,   0% used [0x0000000789100000, 0x0000000789200000)
AC   0  F    TS    19 PTAMS 0x0000000789200000 NTAMS 0x0000000789200000 space 1024K,   0% used [0x0000000789200000, 0x0000000789300000)
AC   0  F    TS     9 PTAMS 0x0000000789300000 NTAMS 0x0000000789300000 space 1024K,   0% used [0x0000000789300000, 0x0000000789400000)
AC   0  F    TS     0 PTAMS 0x0000000789400000 NTAMS 0x0000000789400000 space 1024K,   0% used [0x0000000789400000, 0x0000000789500000)
AC   0  F    TS     0 PTAMS 0x0000000789500000 NTAMS 0x0000000789500000 space 1024K,   0% used [0x0000000789500000, 0x0000000789600000)
AC   0  F    TS     0 PTAMS 0x0000000789600000 NTAMS 0x0000000789600000 space 1024K,   0% used [0x0000000789600000, 0x0000000789700000)
AC   0  F    TS     0 PTAMS 0x0000000789700000 NTAMS 0x0000000789700000 space 1024K,   0% used [0x0000000789700000, 0x0000000789800000)
AC   0  F    TS     0 PTAMS 0x0000000789800000 NTAMS 0x0000000789800000 space 1024K,   0% used [0x0000000789800000, 0x0000000789900000)
AC   0  F    TS     0 PTAMS 0x0000000789900000 NTAMS 0x0000000789900000 space 1024K,   0% used [0x0000000789900000, 0x0000000789a00000)
AC   0  F    TS     0 PTAMS 0x0000000789a00000 NTAMS 0x0000000789a00000 space 1024K,   0% used [0x0000000789a00000, 0x0000000789b00000)
AC   0  F    TS     0 PTAMS 0x0000000789b00000 NTAMS 0x0000000789b00000 space 1024K,   0% used [0x0000000789b00000, 0x0000000789c00000)
AC   0  F    TS     0 PTAMS 0x0000000789c00000 NTAMS 0x0000000789c00000 space 1024K,   0% used [0x0000000789c00000, 0x0000000789d00000)
AC   0  F    TS     0 PTAMS 0x0000000789d00000 NTAMS 0x0000000789d00000 space 1024K,   0% used [0x0000000789d00000, 0x0000000789e00000)
AC   0  F    TS     0 PTAMS 0x0000000789e00000 NTAMS 0x0000000789e00000 space 1024K,   0% used [0x0000000789e00000, 0x0000000789f00000)
AC   0  F    TS     0 PTAMS 0x0000000789f00000 NTAMS 0x0000000789f00000 space 1024K,   0% used [0x0000000789f00000, 0x000000078a000000)
AC   0  F    TS     0 PTAMS 0x000000078a000000 NTAMS 0x000000078a000000 space 1024K,   0% used [0x000000078a000000, 0x000000078a100000)
AC   0  F    TS     0 PTAMS 0x000000078a100000 NTAMS 0x000000078a100000 space 1024K,   0% used [0x000000078a100000, 0x000000078a200000)
AC   0  F    TS     0 PTAMS 0x000000078a200000 NTAMS 0x000000078a200000 space 1024K,   0% used [0x000000078a200000, 0x000000078a300000)
AC   0  F    TS     0 PTAMS 0x000000078a300000 NTAMS 0x000000078a300000 space 1024K,   0% used [0x000000078a300000, 0x000000078a400000)
AC   0  F    TS     0 PTAMS 0x000000078a400000 NTAMS 0x000000078a400000 space 1024K,   0% used [0x000000078a400000, 0x000000078a500000)
AC   0  F    TS     0 PTAMS 0x000000078a500000 NTAMS 0x000000078a500000 space 1024K,   0% used [0x000000078a500000, 0x000000078a600000)
AC   0  F    TS     0 PTAMS 0x000000078a600000 NTAMS 0x000000078a600000 space 1024K,   0% used [0x000000078a600000, 0x000000078a700000)
AC   0  F    TS     0 PTAMS 0x000000078a700000 NTAMS 0x000000078a700000 space 1024K,   0% used [0x000000078a700000, 0x000000078a800000)
AC   0  F    TS     0 PTAMS 0x000000078a800000 NTAMS 0x000000078a800000 space 1024K,   0% used [0x000000078a800000, 0x000000078a900000)
AC   0  F    TS     0 PTAMS 0x000000078a900000 NTAMS 0x000000078a900000 space 1024K,   0% used [0x000000078a900000, 0x000000078aa00000)
AC   0  F    TS     0 PTAMS 0x000000078aa00000 NTAMS 0x000000078aa00000 space 1024K,   0% used [0x000000078aa00000, 0x000000078ab00000)
AC   0  F    TS     0 PTAMS 0x000000078ab00000 NTAMS 0x000000078ab00000 space 1024K,   0% used [0x000000078ab00000, 0x000000078ac00000)
AC   0  F    TS     0 PTAMS 0x000000078ac00000 NTAMS 0x000000078ac00000 space 1024K,   0% used [0x000000078ac00000, 0x000000078ad00000)
AC   0  F    TS     0 PTAMS 0x000000078ad00000 NTAMS 0x000000078ad00000 space 1024K,   0% used [0x000000078ad00000, 0x000000078ae00000)
AC   0  F    TS     0 PTAMS 0x000000078ae00000 NTAMS 0x000000078ae00000 space 1024K,   0% used [0x000000078ae00000, 0x000000078af00000)
AC   0  F    TS     0 PTAMS 0x000000078af00000 NTAMS 0x000000078af00000 space 1024K,   0% used [0x000000078af00000, 0x000000078b000000)
AC   0  F    TS     0 PTAMS 0x000000078b000000 NTAMS 0x000000078b000000 space 1024K,   0% used [0x000000078b000000, 0x000000078b100000)
AC   0  F    TS     0 PTAMS 0x000000078b100000 NTAMS 0x000000078b100000 space 1024K,   0% used [0x000000078b100000, 0x000000078b200000)
AC   0  E    TS     0 PTAMS 0x000000078b200000 NTAMS 0x000000078b200000 space 1024K,  16% used [0x000000078b200000, 0x000000078b300000)
AC   0  E CS TS     0 PTAMS 0x000000078b300000 NTAMS 0x000000078b300000 space 1024K, 100% used [0x000000078b300000, 0x000000078b400000)
AC   0  E CS TS     0 PTAMS 0x000000078b400000 NTAMS 0x000000078b400000 space 1024K, 100% used [0x000000078b400000, 0x000000078b500000)
AC   0  E CS TS     0 PTAMS 0x000000078b500000 NTAMS 0x000000078b500000 space 1024K, 100% used [0x000000078b500000, 0x000000078b600000)
AC   0  E CS TS     0 PTAMS 0x000000078b600000 NTAMS 0x000000078b600000 space 1024K, 100% used [0x000000078b600000, 0x000000078b700000)
AC   0  E CS TS     0 PTAMS 0x000000078b700000 NTAMS 0x000000078b700000 space 1024K, 100% used [0x000000078b700000, 0x000000078b800000)
AC   0  E CS TS     0 PTAMS 0x000000078b800000 NTAMS 0x000000078b800000 space 1024K, 100% used [0x000000078b800000, 0x000000078b900000)
AC   0  E CS TS     0 PTAMS 0x000000078b900000 NTAMS 0x000000078b900000 space 1024K, 100% used [0x000000078b900000, 0x000000078ba00000)
AC   0  E CS TS     0 PTAMS 0x000000078ba00000 NTAMS 0x000000078ba00000 space 1024K, 100% used [0x000000078ba00000, 0x000000078bb00000)
AC   0  E CS TS     0 PTAMS 0x000000078bb00000 NTAMS 0x000000078bb00000 space 1024K, 100% used [0x000000078bb00000, 0x000000078bc00000)
AC   0  E CS TS     0 PTAMS 0x000000078bc00000 NTAMS 0x000000078bc00000 space 1024K, 100% used [0x000000078bc00000, 0x000000078bd00000)
AC   0  E CS TS     0 PTAMS 0x000000078bd00000 NTAMS 0x000000078bd00000 space 1024K, 100% used [0x000000078bd00000, 0x000000078be00000)
AC   0  E CS TS     0 PTAMS 0x000000078be00000 NTAMS 0x000000078be00000 space 1024K, 100% used [0x000000078be00000, 0x000000078bf00000)
AC   0  E CS TS     0 PTAMS 0x000000078bf00000 NTAMS 0x000000078bf00000 space 1024K, 100% used [0x000000078bf00000, 0x000000078c000000)
AC   0  E CS TS     0 PTAMS 0x000000078c000000 NTAMS 0x000000078c000000 space 1024K, 100% used [0x000000078c000000, 0x000000078c100000)
AC   0  E CS TS     0 PTAMS 0x000000078c100000 NTAMS 0x000000078c100000 space 1024K, 100% used [0x000000078c100000, 0x000000078c200000)
AC   0  E CS TS     0 PTAMS 0x000000078c200000 NTAMS 0x000000078c200000 space 1024K, 100% used [0x000000078c200000, 0x000000078c300000)
AC   0  E CS TS     0 PTAMS 0x000000078c300000 NTAMS 0x000000078c300000 space 1024K, 100% used [0x000000078c300000, 0x000000078c400000)
AC   0  E CS TS     0 PTAMS 0x000000078c400000 NTAMS 0x000000078c400000 space 1024K, 100% used [0x000000078c400000, 0x000000078c500000)
AC   0  E CS TS     0 PTAMS 0x000000078c500000 NTAMS 0x000000078c500000 space 1024K, 100% used [0x000000078c500000, 0x000000078c600000)
AC   0  E CS TS     0 PTAMS 0x000000078c600000 NTAMS 0x000000078c600000 space 1024K, 100% used [0x000000078c600000, 0x000000078c700000)
AC   0  E CS TS     0 PTAMS 0x000000078c700000 NTAMS 0x000000078c700000 space 1024K, 100% used [0x000000078c700000, 0x000000078c800000)
AC   0  E CS TS     0 PTAMS 0x000000078c800000 NTAMS 0x000000078c800000 space 1024K, 100% used [0x000000078c800000, 0x000000078c900000)
AC   0  E CS TS     0 PTAMS 0x000000078c900000 NTAMS 0x000000078c900000 space 1024K, 100% used [0x000000078c900000, 0x000000078ca00000)
AC   0  E CS TS     0 PTAMS 0x000000078ca00000 NTAMS 0x000000078ca00000 space 1024K, 100% used [0x000000078ca00000, 0x000000078cb00000)
AC   0  E CS TS     0 PTAMS 0x000000078cb00000 NTAMS 0x000000078cb00000 space 1024K, 100% used [0x000000078cb00000, 0x000000078cc00000)
AC   0  E CS TS     0 PTAMS 0x000000078cc00000 NTAMS 0x000000078cc00000 space 1024K, 100% used [0x000000078cc00000, 0x000000078cd00000)
AC   0  E CS TS     0 PTAMS 0x000000078cd00000 NTAMS 0x000000078cd00000 space 1024K, 100% used [0x000000078cd00000, 0x000000078ce00000)
AC   0  E CS TS     0 PTAMS 0x000000078ce00000 NTAMS 0x000000078ce00000 space 1024K, 100% used [0x000000078ce00000, 0x000000078cf00000)
AC   0  E CS TS     0 PTAMS 0x000000078cf00000 NTAMS 0x000000078cf00000 space 1024K, 100% used [0x000000078cf00000, 0x000000078d000000)
AC   0  E CS TS     0 PTAMS 0x000000078d000000 NTAMS 0x000000078d000000 space 1024K, 100% used [0x000000078d000000, 0x000000078d100000)
AC   0  E CS TS     0 PTAMS 0x000000078d100000 NTAMS 0x000000078d100000 space 1024K, 100% used [0x000000078d100000, 0x000000078d200000)
AC   0  E CS TS     0 PTAMS 0x000000078d200000 NTAMS 0x000000078d200000 space 1024K, 100% used [0x000000078d200000, 0x000000078d300000)
AC   0  E CS TS     0 PTAMS 0x000000078d300000 NTAMS 0x000000078d300000 space 1024K, 100% used [0x000000078d300000, 0x000000078d400000)
AC   0  E CS TS     0 PTAMS 0x000000078d400000 NTAMS 0x000000078d400000 space 1024K, 100% used [0x000000078d400000, 0x000000078d500000)
AC   0  E CS TS     0 PTAMS 0x000000078d500000 NTAMS 0x000000078d500000 space 1024K, 100% used [0x000000078d500000, 0x000000078d600000)
AC   0  E CS TS     0 PTAMS 0x000000078d600000 NTAMS 0x000000078d600000 space 1024K, 100% used [0x000000078d600000, 0x000000078d700000)
AC   0  E CS TS     0 PTAMS 0x000000078d700000 NTAMS 0x000000078d700000 space 1024K, 100% used [0x000000078d700000, 0x000000078d800000)
AC   0  E CS TS     0 PTAMS 0x000000078d800000 NTAMS 0x000000078d800000 space 1024K, 100% used [0x000000078d800000, 0x000000078d900000)
AC   0  E CS TS     0 PTAMS 0x000000078d900000 NTAMS 0x000000078d900000 space 1024K, 100% used [0x000000078d900000, 0x000000078da00000)
AC   0  E CS TS     0 PTAMS 0x000000078da00000 NTAMS 0x000000078da00000 space 1024K, 100% used [0x000000078da00000, 0x000000078db00000)
AC   0  E CS TS     0 PTAMS 0x000000078db00000 NTAMS 0x000000078db00000 space 1024K, 100% used [0x000000078db00000, 0x000000078dc00000)
AC   0  E CS TS     0 PTAMS 0x000000078dc00000 NTAMS 0x000000078dc00000 space 1024K, 100% used [0x000000078dc00000, 0x000000078dd00000)
AC   0  E CS TS     0 PTAMS 0x000000078dd00000 NTAMS 0x000000078dd00000 space 1024K, 100% used [0x000000078dd00000, 0x000000078de00000)
AC   0  E CS TS     0 PTAMS 0x000000078de00000 NTAMS 0x000000078de00000 space 1024K, 100% used [0x000000078de00000, 0x000000078df00000)
AC   0  E CS TS     0 PTAMS 0x000000078df00000 NTAMS 0x000000078df00000 space 1024K, 100% used [0x000000078df00000, 0x000000078e000000)
AC   0  E CS TS     0 PTAMS 0x000000078e000000 NTAMS 0x000000078e000000 space 1024K, 100% used [0x000000078e000000, 0x000000078e100000)
AC   0  E CS TS     0 PTAMS 0x000000078e100000 NTAMS 0x000000078e100000 space 1024K, 100% used [0x000000078e100000, 0x000000078e200000)
AC   0  E CS TS     0 PTAMS 0x000000078e200000 NTAMS 0x000000078e200000 space 1024K, 100% used [0x000000078e200000, 0x000000078e300000)
AC   0  E CS TS     0 PTAMS 0x000000078e300000 NTAMS 0x000000078e300000 space 1024K, 100% used [0x000000078e300000, 0x000000078e400000)
AC   0  E CS TS     0 PTAMS 0x000000078e400000 NTAMS 0x000000078e400000 space 1024K, 100% used [0x000000078e400000, 0x000000078e500000)
AC   0  E CS TS     0 PTAMS 0x000000078e500000 NTAMS 0x000000078e500000 space 1024K, 100% used [0x000000078e500000, 0x000000078e600000)
AC   0  E CS TS     0 PTAMS 0x000000078e600000 NTAMS 0x000000078e600000 space 1024K, 100% used [0x000000078e600000, 0x000000078e700000)
AC   0  E CS TS     0 PTAMS 0x000000078e700000 NTAMS 0x000000078e700000 space 1024K, 100% used [0x000000078e700000, 0x000000078e800000)
AC   0  E CS TS     0 PTAMS 0x000000078e800000 NTAMS 0x000000078e800000 space 1024K, 100% used [0x000000078e800000, 0x000000078e900000)
AC   0  E CS TS     0 PTAMS 0x000000078e900000 NTAMS 0x000000078e900000 space 1024K, 100% used [0x000000078e900000, 0x000000078ea00000)
AC   0  E CS TS     0 PTAMS 0x000000078ea00000 NTAMS 0x000000078ea00000 space 1024K, 100% used [0x000000078ea00000, 0x000000078eb00000)
AC   0  E CS TS     0 PTAMS 0x000000078eb00000 NTAMS 0x000000078eb00000 space 1024K, 100% used [0x000000078eb00000, 0x000000078ec00000)
AC   0  E CS TS     0 PTAMS 0x000000078ec00000 NTAMS 0x000000078ec00000 space 1024K, 100% used [0x000000078ec00000, 0x000000078ed00000)
AC   0  E CS TS     0 PTAMS 0x000000078ed00000 NTAMS 0x000000078ed00000 space 1024K, 100% used [0x000000078ed00000, 0x000000078ee00000)
AC   0  E CS TS     0 PTAMS 0x000000078ee00000 NTAMS 0x000000078ee00000 space 1024K, 100% used [0x000000078ee00000, 0x000000078ef00000)
AC   0  E CS TS     0 PTAMS 0x000000078ef00000 NTAMS 0x000000078ef00000 space 1024K, 100% used [0x000000078ef00000, 0x000000078f000000)
AC   0  E CS TS     0 PTAMS 0x000000078f000000 NTAMS 0x000000078f000000 space 1024K, 100% used [0x000000078f000000, 0x000000078f100000)
AC   0  E CS TS     0 PTAMS 0x000000078f100000 NTAMS 0x000000078f100000 space 1024K, 100% used [0x000000078f100000, 0x000000078f200000)
AC   0  E CS TS     0 PTAMS 0x000000078f200000 NTAMS 0x000000078f200000 space 1024K, 100% used [0x000000078f200000, 0x000000078f300000)
AC   0  E CS TS     0 PTAMS 0x000000078f300000 NTAMS 0x000000078f300000 space 1024K, 100% used [0x000000078f300000, 0x000000078f400000)
AC   0  E CS TS     0 PTAMS 0x000000078f400000 NTAMS 0x000000078f400000 space 1024K, 100% used [0x000000078f400000, 0x000000078f500000)
AC   0  E CS TS     0 PTAMS 0x000000078f500000 NTAMS 0x000000078f500000 space 1024K, 100% used [0x000000078f500000, 0x000000078f600000)
AC   0  E CS TS     0 PTAMS 0x000000078f600000 NTAMS 0x000000078f600000 space 1024K, 100% used [0x000000078f600000, 0x000000078f700000)
AC   0  E CS TS     0 PTAMS 0x000000078f700000 NTAMS 0x000000078f700000 space 1024K, 100% used [0x000000078f700000, 0x000000078f800000)
AC   0  E CS TS     0 PTAMS 0x000000078f800000 NTAMS 0x000000078f800000 space 1024K, 100% used [0x000000078f800000, 0x000000078f900000)
AC   0  E CS TS     0 PTAMS 0x000000078f900000 NTAMS 0x000000078f900000 space 1024K, 100% used [0x000000078f900000, 0x000000078fa00000)
AC   0  E CS TS     0 PTAMS 0x000000078fa00000 NTAMS 0x000000078fa00000 space 1024K, 100% used [0x000000078fa00000, 0x000000078fb00000)
AC   0  E CS TS     0 PTAMS 0x000000078fb00000 NTAMS 0x000000078fb00000 space 1024K, 100% used [0x000000078fb00000, 0x000000078fc00000)
AC   0  E CS TS     0 PTAMS 0x000000078fc00000 NTAMS 0x000000078fc00000 space 1024K, 100% used [0x000000078fc00000, 0x000000078fd00000)
AC   0  E CS TS     0 PTAMS 0x000000078fd00000 NTAMS 0x000000078fd00000 space 1024K, 100% used [0x000000078fd00000, 0x000000078fe00000)
AC   0  E CS TS     0 PTAMS 0x000000078fe00000 NTAMS 0x000000078fe00000 space 1024K, 100% used [0x000000078fe00000, 0x000000078ff00000)
AC   0  E CS TS     0 PTAMS 0x000000078ff00000 NTAMS 0x000000078ff00000 space 1024K, 100% used [0x000000078ff00000, 0x0000000790000000)

Card table byte_map: [0x000000010619e000,0x000000010639e000] byte_map_base: 0x000000010259e000

Marking Bits (Prev, Next): (CMBitMap*) 0x000000010184de88, (CMBitMap*) 0x000000010184dee0
 Prev Bits: [0x000000010659e000, 0x000000010759e000)
 Next Bits: [0x000000010759e000, 0x000000010859e000)

Polling page: 0x000000010049b000

CodeCache: size=245760Kb used=44367Kb max_used=44449Kb free=201393Kb
 bounds [0x000000010d5f8000, 0x00000001101a8000, 0x000000011c5f8000]
 total_blobs=12652 nmethods=11906 adapters=653
 compilation: enabled

Compilation events (10 events):
Event: 1012.718 Thread 0x0000000101055000 15566       1       org.eclipse.jface.viewers.CustomHashtable::getComparer (5 bytes)
Event: 1012.718 Thread 0x0000000101055000 nmethod 15566 0x000000010f969ad0 code [0x000000010f969c20, 0x000000010f969d30]
Event: 1012.721 Thread 0x0000000101055000 15548   !   3       sun.nio.ch.FileChannelImpl::write (90 bytes)
Event: 1012.722 Thread 0x0000000101055000 nmethod 15548 0x000000010e1b4ed0 code [0x000000010e1b50c0, 0x000000010e1b57c8]
Event: 1012.724 Thread 0x0000000101053800 nmethod 15498 0x000000010e3e1bd0 code [0x000000010e3e1fc0, 0x000000010e3e57f0]
Event: 1012.724 Thread 0x0000000101053800 15554       4       java.util.AbstractCollection::toArray (147 bytes)
Event: 1012.725 Thread 0x0000000101055000 15570   !   2       java.util.Collections$SynchronizedCollection::contains (25 bytes)
Event: 1012.725 Thread 0x0000000101055000 nmethod 15570 0x000000010f303fd0 code [0x000000010f304140, 0x000000010f304468]
Event: 1012.728 Thread 0x0000000101055000 15549   !   3       sun.nio.ch.FileChannelImpl::writeInternal (245 bytes)
Event: 1012.730 Thread 0x0000000101055000 nmethod 15549 0x000000010e68be50 code [0x000000010e68c060, 0x000000010e68cae8]

GC Heap History (10 events):
Event: 333.949 GC heap before
{Heap before GC invocations=19 (full 0):
 garbage-first heap   total 262144K, used 222793K [0x0000000780000000, 0x0000000780100800, 0x00000007c0000000)
  region size 1024K, 120 young (122880K), 11 survivors (11264K)
 Metaspace       used 95334K, capacity 104516K, committed 104768K, reserved 1138688K
  class space    used 12085K, capacity 14902K, committed 14948K, reserved 1048576K
Event: 333.976 GC heap after
Heap after GC invocations=20 (full 0):
 garbage-first heap   total 262144K, used 112999K [0x0000000780000000, 0x0000000780100800, 0x00000007c0000000)
  region size 1024K, 9 young (9216K), 9 survivors (9216K)
 Metaspace       used 95334K, capacity 104516K, committed 104768K, reserved 1138688K
  class space    used 12085K, capacity 14902K, committed 14948K, reserved 1048576K
}
Event: 852.695 GC heap before
{Heap before GC invocations=20 (full 0):
 garbage-first heap   total 262144K, used 224615K [0x0000000780000000, 0x0000000780100800, 0x00000007c0000000)
  region size 1024K, 118 young (120832K), 9 survivors (9216K)
 Metaspace       used 95802K, capacity 105238K, committed 105664K, reserved 1140736K
  class space    used 12119K, capacity 14969K, committed 15076K, reserved 1048576K
Event: 852.710 GC heap after
Heap after GC invocations=21 (full 0):
 garbage-first heap   total 262144K, used 112487K [0x0000000780000000, 0x0000000780100800, 0x00000007c0000000)
  region size 1024K, 8 young (8192K), 8 survivors (8192K)
 Metaspace       used 95802K, capacity 105238K, committed 105664K, reserved 1140736K
  class space    used 12119K, capacity 14969K, committed 15076K, reserved 1048576K
}
Event: 856.863 GC heap before
{Heap before GC invocations=21 (full 0):
 garbage-first heap   total 262144K, used 226151K [0x0000000780000000, 0x0000000780100800, 0x00000007c0000000)
  region size 1024K, 119 young (121856K), 8 survivors (8192K)
 Metaspace       used 96061K, capacity 105564K, committed 105920K, reserved 1140736K
  class space    used 12126K, capacity 14970K, committed 15076K, reserved 1048576K
Event: 856.881 GC heap after
Heap after GC invocations=22 (full 0):
 garbage-first heap   total 262144K, used 112999K [0x0000000780000000, 0x0000000780100800, 0x00000007c0000000)
  region size 1024K, 9 young (9216K), 9 survivors (9216K)
 Metaspace       used 96061K, capacity 105564K, committed 105920K, reserved 1140736K
  class space    used 12126K, capacity 14970K, committed 15076K, reserved 1048576K
}
Event: 925.914 GC heap before
{Heap before GC invocations=22 (full 0):
 garbage-first heap   total 262144K, used 224615K [0x0000000780000000, 0x0000000780100800, 0x00000007c0000000)
  region size 1024K, 118 young (120832K), 9 survivors (9216K)
 Metaspace       used 96304K, capacity 105756K, committed 106176K, reserved 1140736K
  class space    used 12127K, capacity 14970K, committed 15076K, reserved 1048576K
Event: 925.929 GC heap after
Heap after GC invocations=23 (full 0):
 garbage-first heap   total 262144K, used 111463K [0x0000000780000000, 0x0000000780100800, 0x00000007c0000000)
  region size 1024K, 7 young (7168K), 7 survivors (7168K)
 Metaspace       used 96304K, capacity 105756K, committed 106176K, reserved 1140736K
  class space    used 12127K, capacity 14970K, committed 15076K, reserved 1048576K
}
Event: 931.493 GC heap before
{Heap before GC invocations=23 (full 0):
 garbage-first heap   total 262144K, used 227175K [0x0000000780000000, 0x0000000780100800, 0x00000007c0000000)
  region size 1024K, 120 young (122880K), 7 survivors (7168K)
 Metaspace       used 96524K, capacity 106082K, committed 106432K, reserved 1140736K
  class space    used 12128K, capacity 14971K, committed 15076K, reserved 1048576K
Event: 931.528 GC heap after
Heap after GC invocations=24 (full 0):
 garbage-first heap   total 262144K, used 111975K [0x0000000780000000, 0x0000000780100800, 0x00000007c0000000)
  region size 1024K, 8 young (8192K), 8 survivors (8192K)
 Metaspace       used 96524K, capacity 106082K, committed 106432K, reserved 1140736K
  class space    used 12128K, capacity 14971K, committed 15076K, reserved 1048576K
}

Deoptimization events (10 events):
Event: 1006.854 Thread 0x00000001204c4000 Uncommon trap: reason=class_check action=maybe_recompile pc=0x0000000110086f44 method=com.sun.org.apache.xerces.internal.dom.NamedNodeMapImpl.getNamedItem(Ljava/lang/String;)Lorg/w3c/dom/Node; @ 28
Event: 1006.855 Thread 0x00000001204c4000 Uncommon trap: reason=class_check action=maybe_recompile pc=0x0000000110086f44 method=com.sun.org.apache.xerces.internal.dom.NamedNodeMapImpl.getNamedItem(Ljava/lang/String;)Lorg/w3c/dom/Node; @ 28
Event: 1006.855 Thread 0x00000001204c4000 Uncommon trap: reason=class_check action=maybe_recompile pc=0x0000000110086f44 method=com.sun.org.apache.xerces.internal.dom.NamedNodeMapImpl.getNamedItem(Ljava/lang/String;)Lorg/w3c/dom/Node; @ 28
Event: 1006.855 Thread 0x00000001204c4000 Uncommon trap: reason=class_check action=maybe_recompile pc=0x0000000110086f44 method=com.sun.org.apache.xerces.internal.dom.NamedNodeMapImpl.getNamedItem(Ljava/lang/String;)Lorg/w3c/dom/Node; @ 28
Event: 1006.970 Thread 0x00000001204c4000 Uncommon trap: reason=bimorphic action=maybe_recompile pc=0x000000011008ed78 method=com.sun.org.apache.xerces.internal.dom.NodeImpl.ownerDocument()Lcom/sun/org/apache/xerces/internal/dom/CoreDocumentImpl; @ 11
Event: 1006.972 Thread 0x00000001204c4000 Uncommon trap: reason=bimorphic action=maybe_recompile pc=0x000000011008ed78 method=com.sun.org.apache.xerces.internal.dom.NodeImpl.ownerDocument()Lcom/sun/org/apache/xerces/internal/dom/CoreDocumentImpl; @ 11
Event: 1006.998 Thread 0x00000001204c4000 Uncommon trap: reason=bimorphic action=maybe_recompile pc=0x000000011008ed78 method=com.sun.org.apache.xerces.internal.dom.NodeImpl.ownerDocument()Lcom/sun/org/apache/xerces/internal/dom/CoreDocumentImpl; @ 11
Event: 1007.154 Thread 0x000000010101f800 Uncommon trap: reason=bimorphic action=maybe_recompile pc=0x000000010e42af18 method=org.eclipse.swt.widgets.TypedListener.handleEvent(Lorg/eclipse/swt/widgets/Event;)V @ 923
Event: 1011.455 Thread 0x000000010101f800 Uncommon trap: reason=bimorphic action=maybe_recompile pc=0x000000010e42af18 method=org.eclipse.swt.widgets.TypedListener.handleEvent(Lorg/eclipse/swt/widgets/Event;)V @ 923
Event: 1012.687 Thread 0x0000000120821800 Uncommon trap: reason=bimorphic action=maybe_recompile pc=0x000000011008ed78 method=com.sun.org.apache.xerces.internal.dom.NodeImpl.ownerDocument()Lcom/sun/org/apache/xerces/internal/dom/CoreDocumentImpl; @ 11

Internal exceptions (10 events):
Event: 1005.304 Thread 0x0000000101b07800 Exception <a 'java/lang/ArrayIndexOutOfBoundsException'> (0x000000078fbf0ba0) thrown at [/HUDSON3/workspace/8-2-build-macosx-x86_64/jdk8u101/7261/hotspot/src/share/vm/runtime/sharedRuntime.cpp, line 605]
Event: 1005.304 Thread 0x0000000101b07800 Exception <a 'java/lang/ArrayIndexOutOfBoundsException'> (0x000000078fbf1148) thrown at [/HUDSON3/workspace/8-2-build-macosx-x86_64/jdk8u101/7261/hotspot/src/share/vm/runtime/sharedRuntime.cpp, line 605]
Event: 1005.304 Thread 0x0000000101b07800 Exception <a 'java/lang/ArrayIndexOutOfBoundsException'> (0x000000078fbf1b48) thrown at [/HUDSON3/workspace/8-2-build-macosx-x86_64/jdk8u101/7261/hotspot/src/share/vm/runtime/sharedRuntime.cpp, line 605]
Event: 1005.305 Thread 0x0000000101b07800 Exception <a 'java/lang/ArrayIndexOutOfBoundsException'> (0x000000078fbf20f0) thrown at [/HUDSON3/workspace/8-2-build-macosx-x86_64/jdk8u101/7261/hotspot/src/share/vm/runtime/sharedRuntime.cpp, line 605]
Event: 1005.305 Thread 0x0000000101b07800 Exception <a 'java/lang/ArrayIndexOutOfBoundsException'> (0x000000078fbf2790) thrown at [/HUDSON3/workspace/8-2-build-macosx-x86_64/jdk8u101/7261/hotspot/src/share/vm/runtime/sharedRuntime.cpp, line 605]
Event: 1005.305 Thread 0x0000000101b07800 Exception <a 'java/lang/ArrayIndexOutOfBoundsException'> (0x000000078fbf2d38) thrown at [/HUDSON3/workspace/8-2-build-macosx-x86_64/jdk8u101/7261/hotspot/src/share/vm/runtime/sharedRuntime.cpp, line 605]
Event: 1005.305 Thread 0x0000000101b07800 Exception <a 'java/lang/ArrayIndexOutOfBoundsException'> (0x000000078fbf44e0) thrown at [/HUDSON3/workspace/8-2-build-macosx-x86_64/jdk8u101/7261/hotspot/src/share/vm/runtime/sharedRuntime.cpp, line 605]
Event: 1006.905 Thread 0x0000000120b3f800 Exception <a 'java/lang/UnsatisfiedLinkError': org.eclipse.cdt.utils.spawner.SpawnerInputStream.available0(I)I> (0x000000078d306ba8) thrown at [/HUDSON3/workspace/8-2-build-macosx-x86_64/jdk8u101/7261/hotspot/src/share/vm/prims/nativeLookup.cpp, line 378]
Event: 1007.056 Thread 0x0000000127399000 Exception <a 'java/lang/InterruptedException'> (0x000000078ce00000) thrown at [/HUDSON3/workspace/8-2-build-macosx-x86_64/jdk8u101/7261/hotspot/src/share/vm/runtime/objectMonitor.cpp, line 1684]
Event: 1012.640 Thread 0x000000012858a800 Exception <a 'java/lang/UnsatisfiedLinkError': org.eclipse.cdt.utils.spawner.SpawnerInputStream.available0(I)I> (0x000000078b7c1a60) thrown at [/HUDSON3/workspace/8-2-build-macosx-x86_64/jdk8u101/7261/hotspot/src/share/vm/prims/nativeLookup.cpp, line 378]

Events (10 events):
Event: 1012.719 Thread 0x0000000101055000 flushing nmethod 0x000000010f260050
Event: 1012.720 Thread 0x0000000101055000 flushing nmethod 0x000000010f303fd0
Event: 1012.726 Thread 0x0000000101055000 flushing nmethod 0x000000010f97ebd0
Event: 1012.726 Thread 0x0000000101055000 flushing nmethod 0x000000010f97f750
Event: 1012.726 Thread 0x0000000101055000 flushing nmethod 0x000000010fa23050
Event: 1012.727 Thread 0x0000000101055000 flushing nmethod 0x000000010fa23bd0
Event: 1012.727 Thread 0x0000000101055000 flushing nmethod 0x000000010fab5110
Event: 1012.727 Thread 0x0000000101055000 flushing nmethod 0x000000010fb5e090
Event: 1012.728 Thread 0x0000000101055000 flushing nmethod 0x000000010fc4a8d0
Event: 1012.730 Thread 0x0000000127aa1800 Thread added: 0x0000000127aa1800


Dynamic libraries:
0x0000000013384000 	/System/Library/Frameworks/Cocoa.framework/Versions/A/Cocoa
0x0000000013384000 	/usr/lib/libSystem.B.dylib
0x0000000013384000 	/System/Library/Frameworks/CoreServices.framework/Versions/A/CoreServices
0x0000000013384000 	/usr/lib/libobjc.A.dylib
0x0000000013384000 	/System/Library/Frameworks/CoreFoundation.framework/Versions/A/CoreFoundation
0x0000000013384000 	/System/Library/Frameworks/AppKit.framework/Versions/C/AppKit
0x0000000013384000 	/System/Library/Frameworks/ApplicationServices.framework/Versions/A/ApplicationServices
0x0000000013384000 	/System/Library/Frameworks/Foundation.framework/Versions/C/Foundation
0x0000000013384000 	/System/Library/Frameworks/CoreData.framework/Versions/A/CoreData
0x0000000013384000 	/System/Library/PrivateFrameworks/RemoteViewServices.framework/Versions/A/RemoteViewServices
0x0000000013384000 	/System/Library/PrivateFrameworks/UIFoundation.framework/Versions/A/UIFoundation
0x0000000013384000 	/usr/lib/libenergytrace.dylib
0x0000000013384000 	/System/Library/PrivateFrameworks/SkyLight.framework/Versions/A/SkyLight
0x0000000013384000 	/System/Library/Frameworks/CoreGraphics.framework/Versions/A/CoreGraphics
0x0000000013384000 	/usr/lib/libScreenReader.dylib
0x0000000013384000 	/System/Library/Frameworks/Accelerate.framework/Versions/A/Accelerate
0x0000000013384000 	/System/Library/Frameworks/IOSurface.framework/Versions/A/IOSurface
0x0000000013384000 	/System/Library/Frameworks/AudioToolbox.framework/Versions/A/AudioToolbox
0x0000000013384000 	/System/Library/Frameworks/AudioUnit.framework/Versions/A/AudioUnit
0x0000000013384000 	/System/Library/PrivateFrameworks/DataDetectorsCore.framework/Versions/A/DataDetectorsCore
0x0000000013384000 	/System/Library/PrivateFrameworks/DesktopServicesPriv.framework/Versions/A/DesktopServicesPriv
0x0000000013384000 	/System/Library/Frameworks/Carbon.framework/Versions/A/Frameworks/HIToolbox.framework/Versions/A/HIToolbox
0x0000000013384000 	/usr/lib/libicucore.A.dylib
0x0000000013384000 	/usr/lib/libz.1.dylib
0x0000000013384000 	/System/Library/Frameworks/QuartzCore.framework/Versions/A/QuartzCore
0x0000000013384000 	/System/Library/Frameworks/Security.framework/Versions/A/Security
0x0000000013384000 	/System/Library/Frameworks/Carbon.framework/Versions/A/Frameworks/SpeechRecognition.framework/Versions/A/SpeechRecognition
0x0000000013384000 	/usr/lib/libauto.dylib
0x0000000013384000 	/usr/lib/libxml2.2.dylib
0x0000000013384000 	/System/Library/PrivateFrameworks/CoreUI.framework/Versions/A/CoreUI
0x0000000013384000 	/System/Library/Frameworks/CoreAudio.framework/Versions/A/CoreAudio
0x0000000013384000 	/System/Library/Frameworks/DiskArbitration.framework/Versions/A/DiskArbitration
0x0000000013384000 	/usr/lib/liblangid.dylib
0x0000000013384000 	/System/Library/PrivateFrameworks/MultitouchSupport.framework/Versions/A/MultitouchSupport
0x0000000013384000 	/System/Library/Frameworks/IOKit.framework/Versions/A/IOKit
0x0000000013384000 	/usr/lib/libDiagnosticMessagesClient.dylib
0x0000000013384000 	/System/Library/PrivateFrameworks/PerformanceAnalysis.framework/Versions/A/PerformanceAnalysis
0x0000000013384000 	/System/Library/PrivateFrameworks/GenerationalStorage.framework/Versions/A/GenerationalStorage
0x0000000013384000 	/System/Library/Frameworks/OpenGL.framework/Versions/A/OpenGL
0x0000000013384000 	/System/Library/Frameworks/CoreImage.framework/Versions/A/CoreImage
0x0000000013384000 	/System/Library/Frameworks/CoreText.framework/Versions/A/CoreText
0x0000000013384000 	/System/Library/Frameworks/ImageIO.framework/Versions/A/ImageIO
0x0000000013384000 	/System/Library/PrivateFrameworks/Backup.framework/Versions/A/Backup
0x0000000013384000 	/usr/lib/libarchive.2.dylib
0x0000000013384000 	/System/Library/Frameworks/CFNetwork.framework/Versions/A/CFNetwork
0x0000000013384000 	/System/Library/Frameworks/SystemConfiguration.framework/Versions/A/SystemConfiguration
0x0000000013384000 	/usr/lib/libCRFSuite.dylib
0x0000000013384000 	/usr/lib/libc++.1.dylib
0x0000000013384000 	/usr/lib/libc++abi.dylib
0x0000000013384000 	/usr/lib/system/libcache.dylib
0x0000000013384000 	/usr/lib/system/libcommonCrypto.dylib
0x0000000013384000 	/usr/lib/system/libcompiler_rt.dylib
0x0000000013384000 	/usr/lib/system/libcopyfile.dylib
0x0000000013384000 	/usr/lib/system/libcorecrypto.dylib
0x0000000013384000 	/usr/lib/system/libdispatch.dylib
0x0000000013384000 	/usr/lib/system/libdyld.dylib
0x0000000013384000 	/usr/lib/system/libkeymgr.dylib
0x0000000013384000 	/usr/lib/system/liblaunch.dylib
0x0000000013384000 	/usr/lib/system/libmacho.dylib
0x0000000013384000 	/usr/lib/system/libquarantine.dylib
0x0000000013384000 	/usr/lib/system/libremovefile.dylib
0x0000000013384000 	/usr/lib/system/libsystem_asl.dylib
0x0000000013384000 	/usr/lib/system/libsystem_blocks.dylib
0x0000000013384000 	/usr/lib/system/libsystem_c.dylib
0x0000000013384000 	/usr/lib/system/libsystem_configuration.dylib
0x0000000013384000 	/usr/lib/system/libsystem_coreservices.dylib
0x0000000013384000 	/usr/lib/system/libsystem_coretls.dylib
0x0000000013384000 	/usr/lib/system/libsystem_dnssd.dylib
0x0000000013384000 	/usr/lib/system/libsystem_info.dylib
0x0000000013384000 	/usr/lib/system/libsystem_kernel.dylib
0x0000000013384000 	/usr/lib/system/libsystem_m.dylib
0x0000000013384000 	/usr/lib/system/libsystem_malloc.dylib
0x0000000013384000 	/usr/lib/system/libsystem_network.dylib
0x0000000013384000 	/usr/lib/system/libsystem_networkextension.dylib
0x0000000013384000 	/usr/lib/system/libsystem_notify.dylib
0x0000000013384000 	/usr/lib/system/libsystem_platform.dylib
0x0000000013384000 	/usr/lib/system/libsystem_pthread.dylib
0x0000000013384000 	/usr/lib/system/libsystem_sandbox.dylib
0x0000000013384000 	/usr/lib/system/libsystem_secinit.dylib
0x0000000013384000 	/usr/lib/system/libsystem_symptoms.dylib
0x0000000013384000 	/usr/lib/system/libsystem_trace.dylib
0x0000000013384000 	/usr/lib/system/libunwind.dylib
0x0000000013384000 	/usr/lib/system/libxpc.dylib
0x0000000013384000 	/usr/lib/libbsm.0.dylib
0x0000000013384000 	/usr/lib/system/libkxld.dylib
0x0000000013384000 	/usr/lib/libcoretls.dylib
0x0000000013384000 	/usr/lib/libcoretls_cfhelpers.dylib
0x0000000013384000 	/usr/lib/libxar.1.dylib
0x0000000013384000 	/usr/lib/libsqlite3.dylib
0x0000000013384000 	/usr/lib/libpam.2.dylib
0x0000000013384000 	/usr/lib/libOpenScriptingUtil.dylib
0x0000000013384000 	/usr/lib/libbz2.1.0.dylib
0x0000000013384000 	/usr/lib/liblzma.5.dylib
0x0000000013384000 	/usr/lib/libnetwork.dylib
0x0000000013384000 	/usr/lib/libpcap.A.dylib
0x0000000013384000 	/System/Library/Frameworks/CoreServices.framework/Versions/A/Frameworks/FSEvents.framework/Versions/A/FSEvents
0x0000000013384000 	/System/Library/Frameworks/CoreServices.framework/Versions/A/Frameworks/CarbonCore.framework/Versions/A/CarbonCore
0x0000000013384000 	/System/Library/Frameworks/CoreServices.framework/Versions/A/Frameworks/Metadata.framework/Versions/A/Metadata
0x0000000013384000 	/System/Library/Frameworks/CoreServices.framework/Versions/A/Frameworks/OSServices.framework/Versions/A/OSServices
0x0000000013384000 	/System/Library/Frameworks/CoreServices.framework/Versions/A/Frameworks/SearchKit.framework/Versions/A/SearchKit
0x0000000013384000 	/System/Library/Frameworks/CoreServices.framework/Versions/A/Frameworks/AE.framework/Versions/A/AE
0x0000000013384000 	/System/Library/Frameworks/CoreServices.framework/Versions/A/Frameworks/LaunchServices.framework/Versions/A/LaunchServices
0x0000000013384000 	/System/Library/Frameworks/CoreServices.framework/Versions/A/Frameworks/DictionaryServices.framework/Versions/A/DictionaryServices
0x0000000013384000 	/System/Library/Frameworks/CoreServices.framework/Versions/A/Frameworks/SharedFileList.framework/Versions/A/SharedFileList
0x0000000013384000 	/System/Library/Frameworks/NetFS.framework/Versions/A/NetFS
0x0000000013384000 	/System/Library/PrivateFrameworks/NetAuth.framework/Versions/A/NetAuth
0x0000000013384000 	/System/Library/PrivateFrameworks/login.framework/Versions/A/Frameworks/loginsupport.framework/Versions/A/loginsupport
0x0000000013384000 	/System/Library/PrivateFrameworks/TCC.framework/Versions/A/TCC
0x0000000013384000 	/usr/lib/libmecabra.dylib
0x0000000013384000 	/System/Library/Frameworks/ApplicationServices.framework/Versions/A/Frameworks/ATS.framework/Versions/A/ATS
0x0000000013384000 	/System/Library/Frameworks/ApplicationServices.framework/Versions/A/Frameworks/ColorSync.framework/Versions/A/ColorSync
0x0000000013384000 	/System/Library/Frameworks/ApplicationServices.framework/Versions/A/Frameworks/HIServices.framework/Versions/A/HIServices
0x0000000013384000 	/System/Library/Frameworks/ApplicationServices.framework/Versions/A/Frameworks/LangAnalysis.framework/Versions/A/LangAnalysis
0x0000000013384000 	/System/Library/Frameworks/ApplicationServices.framework/Versions/A/Frameworks/PrintCore.framework/Versions/A/PrintCore
0x0000000013384000 	/System/Library/Frameworks/ApplicationServices.framework/Versions/A/Frameworks/QD.framework/Versions/A/QD
0x0000000013384000 	/System/Library/Frameworks/ApplicationServices.framework/Versions/A/Frameworks/SpeechSynthesis.framework/Versions/A/SpeechSynthesis
0x0000000013384000 	/System/Library/Frameworks/Accelerate.framework/Versions/A/Frameworks/vImage.framework/Versions/A/vImage
0x0000000013384000 	/System/Library/Frameworks/Accelerate.framework/Versions/A/Frameworks/vecLib.framework/Versions/A/vecLib
0x0000000013384000 	/System/Library/Frameworks/Accelerate.framework/Versions/A/Frameworks/vecLib.framework/Versions/A/libvDSP.dylib
0x0000000013384000 	/System/Library/Frameworks/Accelerate.framework/Versions/A/Frameworks/vecLib.framework/Versions/A/libBNNS.dylib
0x0000000013384000 	/System/Library/Frameworks/Accelerate.framework/Versions/A/Frameworks/vecLib.framework/Versions/A/libQuadrature.dylib
0x0000000013384000 	/System/Library/Frameworks/Accelerate.framework/Versions/A/Frameworks/vecLib.framework/Versions/A/libvMisc.dylib
0x0000000013384000 	/System/Library/Frameworks/Accelerate.framework/Versions/A/Frameworks/vecLib.framework/Versions/A/libLAPACK.dylib
0x0000000013384000 	/System/Library/Frameworks/Accelerate.framework/Versions/A/Frameworks/vecLib.framework/Versions/A/libBLAS.dylib
0x0000000013384000 	/System/Library/Frameworks/Accelerate.framework/Versions/A/Frameworks/vecLib.framework/Versions/A/libLinearAlgebra.dylib
0x0000000013384000 	/System/Library/Frameworks/Accelerate.framework/Versions/A/Frameworks/vecLib.framework/Versions/A/libSparseBLAS.dylib
0x0000000013384000 	/System/Library/Frameworks/ApplicationServices.framework/Versions/A/Frameworks/ATS.framework/Versions/A/Resources/libFontParser.dylib
0x0000000013384000 	/System/Library/Frameworks/ApplicationServices.framework/Versions/A/Frameworks/ATS.framework/Versions/A/Resources/libFontRegistry.dylib
0x0000000013384000 	/System/Library/Frameworks/ImageIO.framework/Versions/A/Resources/libJPEG.dylib
0x0000000013384000 	/System/Library/Frameworks/ImageIO.framework/Versions/A/Resources/libTIFF.dylib
0x0000000013384000 	/System/Library/Frameworks/ImageIO.framework/Versions/A/Resources/libPng.dylib
0x0000000013384000 	/System/Library/Frameworks/ImageIO.framework/Versions/A/Resources/libGIF.dylib
0x0000000013384000 	/System/Library/Frameworks/ImageIO.framework/Versions/A/Resources/libJP2.dylib
0x0000000013384000 	/System/Library/Frameworks/ImageIO.framework/Versions/A/Resources/libRadiance.dylib
0x0000000013384000 	/usr/lib/libcompression.dylib
0x0000000013384000 	/System/Library/PrivateFrameworks/AppleJPEG.framework/Versions/A/AppleJPEG
0x0000000013384000 	/usr/lib/libcups.2.dylib
0x0000000013384000 	/System/Library/Frameworks/Kerberos.framework/Versions/A/Kerberos
0x0000000013384000 	/System/Library/Frameworks/GSS.framework/Versions/A/GSS
0x0000000013384000 	/usr/lib/libresolv.9.dylib
0x0000000013384000 	/usr/lib/libiconv.2.dylib
0x0000000013384000 	/System/Library/PrivateFrameworks/Heimdal.framework/Versions/A/Heimdal
0x0000000013384000 	/usr/lib/libheimdal-asn1.dylib
0x0000000013384000 	/System/Library/Frameworks/OpenDirectory.framework/Versions/A/OpenDirectory
0x0000000013384000 	/System/Library/PrivateFrameworks/CommonAuth.framework/Versions/A/CommonAuth
0x0000000013384000 	/System/Library/Frameworks/OpenDirectory.framework/Versions/A/Frameworks/CFOpenDirectory.framework/Versions/A/CFOpenDirectory
0x0000000013384000 	/System/Library/Frameworks/SecurityFoundation.framework/Versions/A/SecurityFoundation
0x0000000013384000 	/System/Library/PrivateFrameworks/LanguageModeling.framework/Versions/A/LanguageModeling
0x0000000013384000 	/usr/lib/libmarisa.dylib
0x0000000013384000 	/usr/lib/libChineseTokenizer.dylib
0x0000000013384000 	/usr/lib/libcmph.dylib
0x0000000013384000 	/System/Library/PrivateFrameworks/CoreEmoji.framework/Versions/A/CoreEmoji
0x0000000013384000 	/System/Library/Frameworks/ServiceManagement.framework/Versions/A/ServiceManagement
0x0000000013384000 	/usr/lib/libxslt.1.dylib
0x0000000013384000 	/System/Library/Frameworks/Carbon.framework/Versions/A/Frameworks/Ink.framework/Versions/A/Ink
0x0000000013384000 	/System/Library/PrivateFrameworks/TextureIO.framework/Versions/A/TextureIO
0x0000000013384000 	/System/Library/Frameworks/Metal.framework/Versions/A/Metal
0x0000000013384000 	/usr/lib/libate.dylib
0x0000000013384000 	/System/Library/PrivateFrameworks/GPUCompiler.framework/libmetal_timestamp.dylib
0x0000000013384000 	/System/Library/Frameworks/OpenGL.framework/Versions/A/Libraries/libCoreFSCache.dylib
0x0000000013384000 	/System/Library/PrivateFrameworks/IOAccelerator.framework/Versions/A/IOAccelerator
0x0000000013384000 	/System/Library/Frameworks/CoreVideo.framework/Versions/A/CoreVideo
0x0000000013384000 	/usr/lib/libFosl_dynamic.dylib
0x0000000013384000 	/System/Library/PrivateFrameworks/MetalPerformanceShaders.framework/Versions/A/MetalPerformanceShaders
0x0000000013384000 	/System/Library/PrivateFrameworks/FaceCore.framework/Versions/A/FaceCore
0x0000000013384000 	/System/Library/Frameworks/OpenCL.framework/Versions/A/OpenCL
0x0000000013384000 	/System/Library/Frameworks/OpenGL.framework/Versions/A/Libraries/libGLU.dylib
0x0000000013384000 	/System/Library/Frameworks/OpenGL.framework/Versions/A/Libraries/libGFXShared.dylib
0x0000000013384000 	/System/Library/Frameworks/OpenGL.framework/Versions/A/Libraries/libGL.dylib
0x0000000013384000 	/System/Library/Frameworks/OpenGL.framework/Versions/A/Libraries/libGLImage.dylib
0x0000000013384000 	/System/Library/Frameworks/OpenGL.framework/Versions/A/Libraries/libCVMSPluginSupport.dylib
0x0000000013384000 	/System/Library/Frameworks/OpenGL.framework/Versions/A/Libraries/libCoreVMClient.dylib
0x0000000013384000 	/System/Library/PrivateFrameworks/CrashReporterSupport.framework/Versions/A/CrashReporterSupport
0x0000000013384000 	/System/Library/PrivateFrameworks/Sharing.framework/Versions/A/Sharing
0x0000000013384000 	/System/Library/PrivateFrameworks/IconServices.framework/Versions/A/IconServices
0x0000000013384000 	/System/Library/PrivateFrameworks/ProtocolBuffer.framework/Versions/A/ProtocolBuffer
0x0000000013384000 	/System/Library/PrivateFrameworks/Apple80211.framework/Versions/A/Apple80211
0x0000000013384000 	/System/Library/Frameworks/CoreWLAN.framework/Versions/A/CoreWLAN
0x0000000013384000 	/System/Library/PrivateFrameworks/CoreUtils.framework/Versions/A/CoreUtils
0x0000000013384000 	/System/Library/Frameworks/IOBluetooth.framework/Versions/A/IOBluetooth
0x0000000013384000 	/System/Library/PrivateFrameworks/CoreWiFi.framework/Versions/A/CoreWiFi
0x0000000013384000 	/System/Library/Frameworks/CoreBluetooth.framework/Versions/A/CoreBluetooth
0x0000000013384000 	/System/Library/Frameworks/CoreDisplay.framework/Versions/A/CoreDisplay
0x0000000013384000 	/System/Library/PrivateFrameworks/IOPresentment.framework/Versions/A/IOPresentment
0x0000000013384000 	/System/Library/PrivateFrameworks/DebugSymbols.framework/Versions/A/DebugSymbols
0x0000000013384000 	/System/Library/PrivateFrameworks/CoreSymbolication.framework/Versions/A/CoreSymbolication
0x0000000013384000 	/System/Library/PrivateFrameworks/Symbolication.framework/Versions/A/Symbolication
0x0000000013384000 	/System/Library/PrivateFrameworks/AppleFSCompression.framework/Versions/A/AppleFSCompression
0x0000000013384000 	/System/Library/PrivateFrameworks/SpeechRecognitionCore.framework/Versions/A/SpeechRecognitionCore
0x0000000013384000 	/System/Library/PrivateFrameworks/ChunkingLibrary.framework/Versions/A/ChunkingLibrary
0x0000000100408000 	/Users/Feng/.p2/pool/plugins/org.eclipse.equinox.launcher.cocoa.macosx.x86_64_1.1.400.v20160518-1444/eclipse_1615.so
0x0000000013384000 	/System/Library/PrivateFrameworks/CoreServicesInternal.framework/Versions/A/CoreServicesInternal
0x0000000100448000 	/Library/Java/JavaVirtualMachines/jdk1.8.0_101.jdk/Contents/MacOS/libjli.dylib
0x0000000104c01000 	/Library/Java/JavaVirtualMachines/jdk1.8.0_101.jdk/Contents/Home/jre//lib/server/libjvm.dylib
0x0000000013384000 	/usr/lib/libstdc++.6.dylib
0x0000000100458000 	/Library/Java/JavaVirtualMachines/jdk1.8.0_101.jdk/Contents/Home/jre/lib/libverify.dylib
0x0000000100466000 	/Library/Java/JavaVirtualMachines/jdk1.8.0_101.jdk/Contents/Home/jre/lib/libjava.dylib
0x00000001004a4000 	/Library/Java/JavaVirtualMachines/jdk1.8.0_101.jdk/Contents/Home/jre/lib/libzip.dylib
0x000000010b5cd000 	/System/Library/Frameworks/JavaVM.framework/Frameworks/JavaRuntimeSupport.framework/JavaRuntimeSupport
0x000000010b5e7000 	/System/Library/Frameworks/JavaVM.framework/Versions/A/Frameworks/JavaNativeFoundation.framework/Versions/A/JavaNativeFoundation
0x00000001004ee000 	/System/Library/Frameworks/JavaVM.framework/Versions/A/JavaVM
0x0000000013384000 	/System/Library/Frameworks/Carbon.framework/Versions/A/Carbon
0x000000010b5fc000 	/System/Library/PrivateFrameworks/JavaLaunching.framework/Versions/A/JavaLaunching
0x0000000013384000 	/System/Library/Frameworks/Carbon.framework/Versions/A/Frameworks/CommonPanels.framework/Versions/A/CommonPanels
0x0000000013384000 	/System/Library/Frameworks/Carbon.framework/Versions/A/Frameworks/Help.framework/Versions/A/Help
0x0000000013384000 	/System/Library/Frameworks/Carbon.framework/Versions/A/Frameworks/ImageCapture.framework/Versions/A/ImageCapture
0x0000000013384000 	/System/Library/Frameworks/Carbon.framework/Versions/A/Frameworks/OpenScripting.framework/Versions/A/OpenScripting
0x0000000013384000 	/System/Library/Frameworks/Carbon.framework/Versions/A/Frameworks/Print.framework/Versions/A/Print
0x0000000013384000 	/System/Library/Frameworks/Carbon.framework/Versions/A/Frameworks/SecurityHI.framework/Versions/A/SecurityHI
0x0000000013384000 	/System/Library/CoreServices/RawCamera.bundle/Contents/MacOS/RawCamera
0x0000000013384000 	/System/Library/Frameworks/Accelerate.framework/Versions/A/Frameworks/vImage.framework/Versions/A/Libraries/libCGInterfaces.dylib
0x0000000013384000 	/System/Library/PrivateFrameworks/FamilyControls.framework/Versions/A/FamilyControls
0x0000000013384000 	/System/Library/PrivateFrameworks/CommerceKit.framework/Versions/A/Frameworks/CommerceCore.framework/Versions/A/CommerceCore
0x0000000013384000 	/System/Library/PrivateFrameworks/SystemAdministration.framework/Versions/A/SystemAdministration
0x0000000013384000 	/System/Library/PrivateFrameworks/AppContainer.framework/Versions/A/AppContainer
0x0000000013384000 	/System/Library/PrivateFrameworks/SecCodeWrapper.framework/Versions/A/SecCodeWrapper
0x0000000013384000 	/System/Library/Frameworks/DirectoryService.framework/Versions/A/DirectoryService
0x0000000013384000 	/System/Library/PrivateFrameworks/DiskImages.framework/Versions/A/DiskImages
0x0000000013384000 	/System/Library/PrivateFrameworks/LoginUIKit.framework/Versions/A/Frameworks/LoginUICore.framework/Versions/A/LoginUICore
0x0000000013384000 	/usr/lib/libCoreStorage.dylib
0x0000000013384000 	/usr/lib/libcsfde.dylib
0x0000000013384000 	/usr/lib/libodfde.dylib
0x0000000013384000 	/System/Library/Frameworks/DiscRecording.framework/Versions/A/DiscRecording
0x0000000013384000 	/usr/lib/libcurl.4.dylib
0x0000000013384000 	/System/Library/PrivateFrameworks/MediaKit.framework/Versions/A/MediaKit
0x0000000013384000 	/System/Library/PrivateFrameworks/ProtectedCloudStorage.framework/Versions/A/ProtectedCloudStorage
0x0000000013384000 	/System/Library/PrivateFrameworks/EFILogin.framework/Versions/A/EFILogin
0x0000000013384000 	/usr/lib/libutil.dylib
0x0000000013384000 	/System/Library/Frameworks/LDAP.framework/Versions/A/LDAP
0x0000000013384000 	/usr/lib/libsasl2.2.dylib
0x0000000013384000 	/System/Library/PrivateFrameworks/CoreDaemon.framework/Versions/B/CoreDaemon
0x0000000013384000 	/System/Library/PrivateFrameworks/AppleSRP.framework/Versions/A/AppleSRP
0x0000000013384000 	/System/Library/PrivateFrameworks/APFS.framework/Versions/A/APFS
0x0000000013384000 	/System/Library/Frameworks/ApplicationServices.framework/Versions/A/Frameworks/ATS.framework/Versions/A/Resources/libTrueTypeScaler.dylib
0x0000000013384000 	/System/Library/Frameworks/OpenGL.framework/Versions/A/Resources/GLEngine.bundle/GLEngine
0x0000000013384000 	/System/Library/Frameworks/OpenGL.framework/Versions/A/Libraries/libGLProgrammability.dylib
0x000000011e800000 	/System/Library/Extensions/AppleIntelBDWGraphicsGLDriver.bundle/Contents/MacOS/AppleIntelBDWGraphicsGLDriver
0x0000000013384000 	/System/Library/PrivateFrameworks/GPUSupport.framework/Versions/A/Libraries/libGPUSupportMercury.dylib
0x0000000013384000 	/System/Library/Frameworks/OpenGL.framework/Versions/A/Resources/GLRendererFloat.bundle/GLRendererFloat
0x0000000013384000 	/System/Library/Frameworks/OpenCL.framework/Versions/A/Libraries/libcldcpuengine.dylib
0x0000000013384000 	/usr/lib/libcrypto.0.9.8.dylib
0x0000000013384000 	/System/Library/PrivateFrameworks/TrustEvaluationAgent.framework/Versions/A/TrustEvaluationAgent
0x000000011dd00000 	/System/Library/Extensions/AppleIntelBDWGraphicsMTLDriver.bundle/Contents/MacOS/AppleIntelBDWGraphicsMTLDriver
0x000000011dabc000 	/Library/Java/JavaVirtualMachines/jdk1.8.0_101.jdk/Contents/Home/jre/lib/libnet.dylib
0x000000010bec9000 	/Library/Java/JavaVirtualMachines/jdk1.8.0_101.jdk/Contents/Home/jre/lib/libnio.dylib
0x0000000013384000 	/System/Library/PrivateFrameworks/ViewBridge.framework/Versions/A/ViewBridge
0x0000000013384000 	/System/Library/PrivateFrameworks/XPCService.framework/Versions/A/XPCService
0x0000000013384000 	/System/Library/PrivateFrameworks/AppSandbox.framework/Versions/A/AppSandbox
0x0000000013384000 	/usr/lib/libsandbox.1.dylib
0x0000000013384000 	/usr/lib/libMatch.1.dylib
0x000000011fa6b000 	/Users/Feng/eclipse/cpp-neon/Eclipse_Cpp.app/Contents/Eclipse/configuration/org.eclipse.osgi/409/0/.cp/libswt-cocoa-4626.jnilib
0x0000000013384000 	/System/Library/Frameworks/WebKit.framework/Versions/A/WebKit
0x0000000013384000 	/System/Library/Frameworks/JavaScriptCore.framework/Versions/A/JavaScriptCore
0x0000000013384000 	/System/Library/Frameworks/SecurityInterface.framework/Versions/A/SecurityInterface
0x0000000013384000 	/System/Library/Frameworks/WebKit.framework/Versions/A/Frameworks/WebKitLegacy.framework/Versions/A/WebKitLegacy
0x0000000013384000 	/System/Library/Frameworks/WebKit.framework/Versions/A/Frameworks/WebCore.framework/Versions/A/WebCore
0x000000011fb5b000 	/Users/Feng/eclipse/cpp-neon/Eclipse_Cpp.app/Contents/Eclipse/configuration/org.eclipse.osgi/409/0/.cp/libswt-pi-cocoa-4626.jnilib
0x0000000013384000 	/System/Library/PrivateFrameworks/CloudDocs.framework/Versions/A/CloudDocs
0x0000000013384000 	/System/Library/Frameworks/CloudKit.framework/Versions/A/CloudKit
0x0000000013384000 	/System/Library/PrivateFrameworks/MMCS.framework/Versions/A/MMCS
0x0000000013384000 	/System/Library/Frameworks/CoreLocation.framework/Versions/A/CoreLocation
0x0000000013384000 	/System/Library/PrivateFrameworks/AssetCacheServices.framework/Versions/A/AssetCacheServices
0x0000000013384000 	/System/Library/PrivateFrameworks/GeoServices.framework/Versions/A/GeoServices
0x000000011f07a000 	/System/Library/PrivateFrameworks/CoreNLP.framework/Versions/A/CoreNLP
0x000000010b6f1000 	/Users/Feng/eclipse/cpp-neon/Eclipse_Cpp.app/Contents/Eclipse/configuration/org.eclipse.osgi/100/0/.cp/os/macosx/libunixfile_1_0_0.jnilib
0x0000000121000000 	/Library/Java/JavaVirtualMachines/jdk1.8.0_101.jdk/Contents/Home/jre/lib/libsunec.dylib
0x000000011fad8000 	cl_kernels
0x0000000013384000 	/System/Library/Frameworks/OpenCL.framework/Versions/A/Libraries/ImageFormats/unorm8_bgra.dylib
0x0000000013384000 	/System/Library/Frameworks/OpenCL.framework/Versions/A/Libraries/ImageFormats/unorm8_rgba.dylib
0x000000011fc00000 	cl_kernels
0x000000010be87000 	cl_kernels
0x000000011daf3000 	/Users/Feng/eclipse/cpp-neon/Eclipse_Cpp.app/Contents/Eclipse/configuration/org.eclipse.osgi/59/0/.cp/os/macosx/x86_64/libspawner.jnilib
0x000000010b817000 	/Users/Feng/eclipse/cpp-neon/Eclipse_Cpp.app/Contents/Eclipse/configuration/org.eclipse.osgi/59/0/.cp/os/macosx/x86_64/libpty.jnilib

VM Arguments:
jvm_args: -Dosgi.requiredJavaVersion=1.8 -XX:+UseG1GC -XX:+UseStringDeduplication -XstartOnFirstThread -Dorg.eclipse.swt.internal.carbon.smallFonts -Dosgi.requiredJavaVersion=1.8 -Xms256m -Xmx1024m -Xdock:icon=../Resources/Eclipse.icns -XstartOnFirstThread -Dorg.eclipse.swt.internal.carbon.smallFonts -Declipse.p2.max.threads=10 -Doomph.update.url=http://download.eclipse.org/oomph/updates/milestone/latest -Doomph.redirection.index.redirection=index:/->http://git.eclipse.org/c/oomph/org.eclipse.oomph.git/plain/setups/ 
java_command: <unknown>
java_class_path (initial): /Users/Feng/eclipse/cpp-neon/Eclipse_Cpp.app/Contents/MacOS//../Eclipse/plugins/org.eclipse.equinox.launcher_1.3.200.v20160318-1642.jar
Launcher Type: generic

Environment Variables:
PATH=/usr/bin:/bin:/usr/sbin:/sbin
SHELL=/bin/bash

Signal Handlers:
SIGSEGV: [libjvm.dylib+0x5af145], sa_mask[0]=11111111011111110111111111111111, sa_flags=SA_ONSTACK|SA_RESTART|SA_SIGINFO
SIGBUS: [libjvm.dylib+0x5af145], sa_mask[0]=11111111011111110111111111111111, sa_flags=SA_RESTART|SA_SIGINFO
SIGFPE: [libjvm.dylib+0x48694c], sa_mask[0]=11111111011111110111111111111111, sa_flags=SA_RESTART|SA_SIGINFO
SIGPIPE: [libjvm.dylib+0x48694c], sa_mask[0]=11111111011111110111111111111111, sa_flags=SA_RESTART|SA_SIGINFO
SIGXFSZ: [libjvm.dylib+0x48694c], sa_mask[0]=11111111011111110111111111111111, sa_flags=SA_RESTART|SA_SIGINFO
SIGILL: [libjvm.dylib+0x48694c], sa_mask[0]=11111111011111110111111111111111, sa_flags=SA_RESTART|SA_SIGINFO
SIGUSR1: SIG_DFL, sa_mask[0]=00000000000000000000000000000000, sa_flags=none
SIGUSR2: [libjvm.dylib+0x48646a], sa_mask[0]=00000000000000000000000000000000, sa_flags=SA_RESTART|SA_SIGINFO
SIGHUP: [libjvm.dylib+0x484a41], sa_mask[0]=11111111011111110111111111111111, sa_flags=SA_RESTART|SA_SIGINFO
SIGINT: [libjvm.dylib+0x484a41], sa_mask[0]=11111111011111110111111111111111, sa_flags=SA_RESTART|SA_SIGINFO
SIGTERM: [libjvm.dylib+0x484a41], sa_mask[0]=11111111011111110111111111111111, sa_flags=SA_RESTART|SA_SIGINFO
SIGQUIT: [libjvm.dylib+0x484a41], sa_mask[0]=11111111011111110111111111111111, sa_flags=SA_RESTART|SA_SIGINFO


---------------  S Y S T E M  ---------------

OS:Bsduname:Darwin 16.1.0 Darwin Kernel Version 16.1.0: Thu Oct 13 21:26:57 PDT 2016; root:xnu-3789.21.3~60/RELEASE_X86_64 x86_64
rlimit: STACK 8192k, CORE 0k, NPROC 709, NOFILE 10240, AS infinity
load average:1.85 1.64 1.48

CPU:total 4 (2 cores per cpu, 2 threads per core) family 6 model 61 stepping 4, cmov, cx8, fxsr, mmx, sse, sse2, sse3, ssse3, sse4.1, sse4.2, popcnt, avx, avx2, aes, clmul, erms, 3dnowpref, lzcnt, ht, tsc, tscinvbit, bmi1, bmi2, adx

Memory: 4k page, physical 8388608k(2335784k free)

/proc/meminfo:


vm_info: Java HotSpot(TM) 64-Bit Server VM (25.101-b13) for bsd-amd64 JRE (1.8.0_101-b13), built on Jun 22 2016 02:42:15 by "java_re" with gcc 4.2.1 (Based on Apple Inc. build 5658) (LLVM build 2336.11.00)

time: Thu Nov 24 15:34:16 2016
elapsed time: 1012 seconds (0d 0h 16m 52s)

